{"/home/travis/build/npmtest/node-npmtest-confidence/test.js":{"path":"/home/travis/build/npmtest/node-npmtest-confidence/test.js","s":{"1":2,"2":2,"3":2,"4":2,"5":2,"6":2,"7":2,"8":1,"9":2,"10":2,"11":1,"12":1,"13":1,"14":1,"15":2,"16":2,"17":2,"18":2,"19":1,"20":1,"21":2,"22":2,"23":2,"24":1,"25":1,"26":1,"27":1,"28":1,"29":1,"30":1,"31":1,"32":1,"33":1,"34":1,"35":1,"36":1,"37":1,"38":1,"39":2,"40":2,"41":1,"42":2,"43":2,"44":1,"45":2,"46":2,"47":1,"48":2,"49":2,"50":1,"51":1,"52":1,"53":1,"54":1},"b":{"1":[2,1,1,1],"2":[1,1,1,1],"3":[1,1],"4":[1,1],"5":[1,1],"6":[1,1],"7":[1,1],"8":[1,1],"9":[1,1],"10":[1,1,1],"11":[1,1],"12":[1,1],"13":[1,1],"14":[1,1],"15":[1,1],"16":[1,1],"17":[1,1]},"f":{"1":2,"2":2,"3":2,"4":2,"5":2,"6":1,"7":1,"8":1,"9":2,"10":2,"11":2,"12":2,"13":1},"fnMap":{"1":{"name":"(anonymous_1)","line":12,"loc":{"start":{"line":12,"column":1},"end":{"line":12,"column":13}}},"2":{"name":"(anonymous_2)","line":19,"loc":{"start":{"line":19,"column":5},"end":{"line":19,"column":17}}},"3":{"name":"(anonymous_3)","line":23,"loc":{"start":{"line":23,"column":24},"end":{"line":23,"column":36}}},"4":{"name":"(anonymous_4)","line":61,"loc":{"start":{"line":61,"column":5},"end":{"line":61,"column":17}}},"5":{"name":"(anonymous_5)","line":82,"loc":{"start":{"line":82,"column":5},"end":{"line":82,"column":17}}},"6":{"name":"(anonymous_6)","line":91,"loc":{"start":{"line":91,"column":77},"end":{"line":94,"column":10}}},"7":{"name":"(anonymous_7)","line":112,"loc":{"start":{"line":112,"column":83},"end":{"line":115,"column":10}},"skip":true},"8":{"name":"(anonymous_8)","line":123,"loc":{"start":{"line":123,"column":77},"end":{"line":126,"column":10}},"skip":true},"9":{"name":"(anonymous_9)","line":139,"loc":{"start":{"line":139,"column":12},"end":{"line":139,"column":40}},"skip":true},"10":{"name":"(anonymous_10)","line":147,"loc":{"start":{"line":147,"column":77},"end":{"line":150,"column":10}},"skip":true},"11":{"name":"(anonymous_11)","line":158,"loc":{"start":{"line":158,"column":83},"end":{"line":161,"column":10}},"skip":true},"12":{"name":"(anonymous_12)","line":169,"loc":{"start":{"line":169,"column":79},"end":{"line":172,"column":10}},"skip":true},"13":{"name":"(anonymous_13)","line":180,"loc":{"start":{"line":180,"column":75},"end":{"line":183,"column":10}},"skip":true}},"statementMap":{"1":{"start":{"line":12,"column":0},"end":{"line":195,"column":5}},"2":{"start":{"line":14,"column":4},"end":{"line":14,"column":14}},"3":{"start":{"line":19,"column":4},"end":{"line":56,"column":9}},"4":{"start":{"line":21,"column":8},"end":{"line":21,"column":19}},"5":{"start":{"line":23,"column":8},"end":{"line":35,"column":13}},"6":{"start":{"line":24,"column":12},"end":{"line":34,"column":13}},"7":{"start":{"line":25,"column":16},"end":{"line":28,"column":30}},"8":{"start":{"line":30,"column":16},"end":{"line":33,"column":27}},"9":{"start":{"line":37,"column":8},"end":{"line":39,"column":21}},"10":{"start":{"line":40,"column":8},"end":{"line":53,"column":9}},"11":{"start":{"line":43,"column":12},"end":{"line":46,"column":14}},"12":{"start":{"line":47,"column":12},"end":{"line":47,"column":18}},"13":{"start":{"line":50,"column":12},"end":{"line":51,"column":46}},"14":{"start":{"line":52,"column":12},"end":{"line":52,"column":18}},"15":{"start":{"line":55,"column":8},"end":{"line":55,"column":35}},"16":{"start":{"line":61,"column":4},"end":{"line":63,"column":9}},"17":{"start":{"line":62,"column":8},"end":{"line":62,"column":15}},"18":{"start":{"line":64,"column":4},"end":{"line":77,"column":5}},"19":{"start":{"line":70,"column":8},"end":{"line":70,"column":14}},"20":{"start":{"line":76,"column":8},"end":{"line":76,"column":14}},"21":{"start":{"line":82,"column":4},"end":{"line":84,"column":9}},"22":{"start":{"line":83,"column":8},"end":{"line":83,"column":15}},"23":{"start":{"line":85,"column":4},"end":{"line":194,"column":5}},"24":{"start":{"line":91,"column":8},"end":{"line":99,"column":10}},"25":{"start":{"line":98,"column":12},"end":{"line":98,"column":35}},"26":{"start":{"line":102,"column":8},"end":{"line":104,"column":63}},"27":{"start":{"line":105,"column":8},"end":{"line":105,"column":14}},"28":{"start":{"line":112,"column":8},"end":{"line":121,"column":10},"skip":true},"29":{"start":{"line":119,"column":12},"end":{"line":119,"column":55},"skip":true},"30":{"start":{"line":120,"column":12},"end":{"line":120,"column":48},"skip":true},"31":{"start":{"line":123,"column":8},"end":{"line":136,"column":10},"skip":true},"32":{"start":{"line":130,"column":12},"end":{"line":130,"column":76},"skip":true},"33":{"start":{"line":131,"column":12},"end":{"line":131,"column":73},"skip":true},"34":{"start":{"line":132,"column":12},"end":{"line":132,"column":74},"skip":true},"35":{"start":{"line":133,"column":12},"end":{"line":133,"column":79},"skip":true},"36":{"start":{"line":134,"column":12},"end":{"line":134,"column":25},"skip":true},"37":{"start":{"line":135,"column":12},"end":{"line":135,"column":45},"skip":true},"38":{"start":{"line":138,"column":8},"end":{"line":145,"column":14},"skip":true},"39":{"start":{"line":143,"column":16},"end":{"line":143,"column":29},"skip":true},"40":{"start":{"line":144,"column":16},"end":{"line":144,"column":55},"skip":true},"41":{"start":{"line":147,"column":8},"end":{"line":156,"column":10},"skip":true},"42":{"start":{"line":154,"column":12},"end":{"line":154,"column":25},"skip":true},"43":{"start":{"line":155,"column":12},"end":{"line":155,"column":45},"skip":true},"44":{"start":{"line":158,"column":8},"end":{"line":167,"column":10},"skip":true},"45":{"start":{"line":165,"column":12},"end":{"line":165,"column":25},"skip":true},"46":{"start":{"line":166,"column":12},"end":{"line":166,"column":48},"skip":true},"47":{"start":{"line":169,"column":8},"end":{"line":178,"column":10},"skip":true},"48":{"start":{"line":176,"column":12},"end":{"line":176,"column":25},"skip":true},"49":{"start":{"line":177,"column":12},"end":{"line":177,"column":46},"skip":true},"50":{"start":{"line":180,"column":8},"end":{"line":189,"column":10},"skip":true},"51":{"start":{"line":187,"column":12},"end":{"line":187,"column":94},"skip":true},"52":{"start":{"line":188,"column":12},"end":{"line":188,"column":48},"skip":true},"53":{"start":{"line":192,"column":8},"end":{"line":192,"column":35},"skip":true},"54":{"start":{"line":193,"column":8},"end":{"line":193,"column":14},"skip":true}},"branchMap":{"1":{"line":25,"type":"binary-expr","locations":[{"start":{"line":25,"column":23},"end":{"line":25,"column":62}},{"start":{"line":26,"column":20},"end":{"line":26,"column":70}},{"start":{"line":27,"column":20},"end":{"line":27,"column":71}},{"start":{"line":28,"column":20},"end":{"line":28,"column":29}}]},"2":{"line":30,"type":"binary-expr","locations":[{"start":{"line":30,"column":23},"end":{"line":30,"column":37}},{"start":{"line":31,"column":20},"end":{"line":31,"column":61}},{"start":{"line":32,"column":20},"end":{"line":32,"column":70}},{"start":{"line":33,"column":20},"end":{"line":33,"column":26}}]},"3":{"line":37,"type":"cond-expr","locations":[{"start":{"line":38,"column":14},"end":{"line":38,"column":20}},{"start":{"line":39,"column":14},"end":{"line":39,"column":20}}]},"4":{"line":40,"type":"switch","locations":[{"start":{"line":42,"column":8},"end":{"line":47,"column":18}},{"start":{"line":49,"column":8},"end":{"line":52,"column":18}}]},"5":{"line":44,"type":"binary-expr","locations":[{"start":{"line":44,"column":16},"end":{"line":44,"column":44}},{"start":{"line":44,"column":48},"end":{"line":44,"column":66}}]},"6":{"line":50,"type":"binary-expr","locations":[{"start":{"line":50,"column":21},"end":{"line":50,"column":49}},{"start":{"line":50,"column":53},"end":{"line":50,"column":72}}]},"7":{"line":64,"type":"switch","locations":[{"start":{"line":69,"column":4},"end":{"line":70,"column":14}},{"start":{"line":75,"column":4},"end":{"line":76,"column":14}}]},"8":{"line":85,"type":"switch","locations":[{"start":{"line":90,"column":4},"end":{"line":105,"column":14}},{"start":{"line":111,"column":4},"end":{"line":193,"column":14},"skip":true}]},"9":{"line":91,"type":"binary-expr","locations":[{"start":{"line":91,"column":42},"end":{"line":91,"column":73}},{"start":{"line":91,"column":77},"end":{"line":99,"column":9}}]},"10":{"line":102,"type":"binary-expr","locations":[{"start":{"line":102,"column":18},"end":{"line":102,"column":32}},{"start":{"line":103,"column":12},"end":{"line":103,"column":53}},{"start":{"line":104,"column":12},"end":{"line":104,"column":61}}]},"11":{"line":112,"type":"binary-expr","locations":[{"start":{"line":112,"column":45},"end":{"line":112,"column":79},"skip":true},{"start":{"line":112,"column":83},"end":{"line":121,"column":9},"skip":true}]},"12":{"line":123,"type":"binary-expr","locations":[{"start":{"line":123,"column":42},"end":{"line":123,"column":73},"skip":true},{"start":{"line":123,"column":77},"end":{"line":136,"column":9},"skip":true}]},"13":{"line":138,"type":"binary-expr","locations":[{"start":{"line":138,"column":48},"end":{"line":138,"column":85},"skip":true},{"start":{"line":139,"column":12},"end":{"line":145,"column":13},"skip":true}]},"14":{"line":147,"type":"binary-expr","locations":[{"start":{"line":147,"column":42},"end":{"line":147,"column":73},"skip":true},{"start":{"line":147,"column":77},"end":{"line":156,"column":9},"skip":true}]},"15":{"line":158,"type":"binary-expr","locations":[{"start":{"line":158,"column":45},"end":{"line":158,"column":79},"skip":true},{"start":{"line":158,"column":83},"end":{"line":167,"column":9},"skip":true}]},"16":{"line":169,"type":"binary-expr","locations":[{"start":{"line":169,"column":43},"end":{"line":169,"column":75},"skip":true},{"start":{"line":169,"column":79},"end":{"line":178,"column":9},"skip":true}]},"17":{"line":180,"type":"binary-expr","locations":[{"start":{"line":180,"column":41},"end":{"line":180,"column":71},"skip":true},{"start":{"line":180,"column":75},"end":{"line":189,"column":9},"skip":true}]}},"code":["/* istanbul instrument in package npmtest_confidence */","/*jslint","    bitwise: true,","    browser: true,","    maxerr: 8,","    maxlen: 96,","    node: true,","    nomen: true,","    regexp: true,","    stupid: true","*/","(function () {","    'use strict';","    var local;","","","","    // run shared js-env code - pre-init","    (function () {","        // init local","        local = {};","        // init modeJs","        local.modeJs = (function () {","            try {","                return typeof navigator.userAgent === 'string' &&","                    typeof document.querySelector('body') === 'object' &&","                    typeof XMLHttpRequest.prototype.open === 'function' &&","                    'browser';","            } catch (errorCaughtBrowser) {","                return module.exports &&","                    typeof process.versions.node === 'string' &&","                    typeof require('http').createServer === 'function' &&","                    'node';","            }","        }());","        // init global","        local.global = local.modeJs === 'browser'","            ? window","            : global;","        switch (local.modeJs) {","        // re-init local from window.local","        case 'browser':","            local = local.global.utility2.objectSetDefault(","                local.global.utility2_rollup || local.global.local,","                local.global.utility2","            );","            break;","        // re-init local from example.js","        case 'node':","            local = (local.global.utility2_rollup || require('utility2'))","                .requireExampleJsFromReadme();","            break;","        }","        // export local","        local.global.local = local;","    }());","","","","    // run shared js-env code - function","    (function () {","        return;","    }());","    switch (local.modeJs) {","","","","    // run browser js-env code - function","    case 'browser':","        break;","","","","    // run node js-env code - function","    case 'node':","        break;","    }","","","","    // run shared js-env code - post-init","    (function () {","        return;","    }());","    switch (local.modeJs) {","","","","    // run browser js-env code - post-init","    case 'browser':","        local.testCase_browser_nullCase = local.testCase_browser_nullCase || function (","            options,","            onError","        ) {","        /*","         * this function will test browsers's null-case handling-behavior-behavior","         */","            onError(null, options);","        };","","        // run tests","        local.nop(local.modeTest &&","            document.querySelector('#testRunButton1') &&","            document.querySelector('#testRunButton1').click());","        break;","","","","    // run node js-env code - post-init","    /* istanbul ignore next */","    case 'node':","        local.testCase_buildApidoc_default = local.testCase_buildApidoc_default || function (","            options,","            onError","        ) {","        /*","         * this function will test buildApidoc's default handling-behavior-behavior","         */","            options = { modulePathList: module.paths };","            local.buildApidoc(options, onError);","        };","","        local.testCase_buildApp_default = local.testCase_buildApp_default || function (","            options,","            onError","        ) {","        /*","         * this function will test buildApp's default handling-behavior-behavior","         */","            local.testCase_buildReadme_default(options, local.onErrorThrow);","            local.testCase_buildLib_default(options, local.onErrorThrow);","            local.testCase_buildTest_default(options, local.onErrorThrow);","            local.testCase_buildCustomOrg_default(options, local.onErrorThrow);","            options = [];","            local.buildApp(options, onError);","        };","","        local.testCase_buildCustomOrg_default = local.testCase_buildCustomOrg_default ||","            function (options, onError) {","            /*","             * this function will test buildCustomOrg's default handling-behavior","             */","                options = {};","                local.buildCustomOrg(options, onError);","            };","","        local.testCase_buildLib_default = local.testCase_buildLib_default || function (","            options,","            onError","        ) {","        /*","         * this function will test buildLib's default handling-behavior","         */","            options = {};","            local.buildLib(options, onError);","        };","","        local.testCase_buildReadme_default = local.testCase_buildReadme_default || function (","            options,","            onError","        ) {","        /*","         * this function will test buildReadme's default handling-behavior-behavior","         */","            options = {};","            local.buildReadme(options, onError);","        };","","        local.testCase_buildTest_default = local.testCase_buildTest_default || function (","            options,","            onError","        ) {","        /*","         * this function will test buildTest's default handling-behavior","         */","            options = {};","            local.buildTest(options, onError);","        };","","        local.testCase_webpage_default = local.testCase_webpage_default || function (","            options,","            onError","        ) {","        /*","         * this function will test webpage's default handling-behavior","         */","            options = { modeCoverageMerge: true, url: local.serverLocalHost + '?modeTest=1' };","            local.browserTest(options, onError);","        };","","        // run test-server","        local.testRunServer(local);","        break;","    }","}());",""],"l":{"12":2,"14":2,"19":2,"21":2,"23":2,"24":2,"25":2,"30":1,"37":2,"40":2,"43":1,"47":1,"50":1,"52":1,"55":2,"61":2,"62":2,"64":2,"70":1,"76":1,"82":2,"83":2,"85":2,"91":1,"98":1,"102":1,"105":1,"112":1,"119":1,"120":1,"123":1,"130":1,"131":1,"132":1,"133":1,"134":1,"135":1,"138":1,"143":2,"144":2,"147":1,"154":2,"155":2,"158":1,"165":2,"166":2,"169":1,"176":2,"177":2,"180":1,"187":1,"188":1,"192":1,"193":1}},"/home/travis/build/npmtest/node-npmtest-confidence/lib.npmtest_confidence.js":{"path":"/home/travis/build/npmtest/node-npmtest-confidence/lib.npmtest_confidence.js","s":{"1":2,"2":2,"3":2,"4":2,"5":2,"6":2,"7":2,"8":1,"9":2,"10":2,"11":2,"12":2,"13":1,"14":1,"15":1,"16":1},"b":{"1":[2,1,1,1],"2":[1,1,1,1],"3":[1,1],"4":[2,2],"5":[1,1]},"f":{"1":2,"2":2,"3":2},"fnMap":{"1":{"name":"(anonymous_1)","line":12,"loc":{"start":{"line":12,"column":1},"end":{"line":12,"column":13}}},"2":{"name":"(anonymous_2)","line":19,"loc":{"start":{"line":19,"column":5},"end":{"line":19,"column":17}}},"3":{"name":"(anonymous_3)","line":23,"loc":{"start":{"line":23,"column":24},"end":{"line":23,"column":36}}}},"statementMap":{"1":{"start":{"line":12,"column":0},"end":{"line":53,"column":5}},"2":{"start":{"line":14,"column":4},"end":{"line":14,"column":14}},"3":{"start":{"line":19,"column":4},"end":{"line":52,"column":9}},"4":{"start":{"line":21,"column":8},"end":{"line":21,"column":19}},"5":{"start":{"line":23,"column":8},"end":{"line":35,"column":13}},"6":{"start":{"line":24,"column":12},"end":{"line":34,"column":13}},"7":{"start":{"line":25,"column":16},"end":{"line":28,"column":30}},"8":{"start":{"line":30,"column":16},"end":{"line":33,"column":27}},"9":{"start":{"line":37,"column":8},"end":{"line":39,"column":21}},"10":{"start":{"line":41,"column":8},"end":{"line":41,"column":54}},"11":{"start":{"line":43,"column":8},"end":{"line":43,"column":55}},"12":{"start":{"line":45,"column":8},"end":{"line":51,"column":9}},"13":{"start":{"line":46,"column":12},"end":{"line":46,"column":61}},"14":{"start":{"line":48,"column":12},"end":{"line":48,"column":35}},"15":{"start":{"line":49,"column":12},"end":{"line":49,"column":49}},"16":{"start":{"line":50,"column":12},"end":{"line":50,"column":43}}},"branchMap":{"1":{"line":25,"type":"binary-expr","locations":[{"start":{"line":25,"column":23},"end":{"line":25,"column":62}},{"start":{"line":26,"column":20},"end":{"line":26,"column":70}},{"start":{"line":27,"column":20},"end":{"line":27,"column":71}},{"start":{"line":28,"column":20},"end":{"line":28,"column":29}}]},"2":{"line":30,"type":"binary-expr","locations":[{"start":{"line":30,"column":23},"end":{"line":30,"column":37}},{"start":{"line":31,"column":20},"end":{"line":31,"column":61}},{"start":{"line":32,"column":20},"end":{"line":32,"column":70}},{"start":{"line":33,"column":20},"end":{"line":33,"column":26}}]},"3":{"line":37,"type":"cond-expr","locations":[{"start":{"line":38,"column":14},"end":{"line":38,"column":20}},{"start":{"line":39,"column":14},"end":{"line":39,"column":20}}]},"4":{"line":41,"type":"binary-expr","locations":[{"start":{"line":41,"column":16},"end":{"line":41,"column":44}},{"start":{"line":41,"column":48},"end":{"line":41,"column":53}}]},"5":{"line":45,"type":"if","locations":[{"start":{"line":45,"column":8},"end":{"line":45,"column":8}},{"start":{"line":45,"column":8},"end":{"line":45,"column":8}}]}},"code":["/* istanbul instrument in package npmtest_confidence */","/*jslint","    bitwise: true,","    browser: true,","    maxerr: 8,","    maxlen: 96,","    node: true,","    nomen: true,","    regexp: true,","    stupid: true","*/","(function () {","    'use strict';","    var local;","","","","    // run shared js-env code - pre-init","    (function () {","        // init local","        local = {};","        // init modeJs","        local.modeJs = (function () {","            try {","                return typeof navigator.userAgent === 'string' &&","                    typeof document.querySelector('body') === 'object' &&","                    typeof XMLHttpRequest.prototype.open === 'function' &&","                    'browser';","            } catch (errorCaughtBrowser) {","                return module.exports &&","                    typeof process.versions.node === 'string' &&","                    typeof require('http').createServer === 'function' &&","                    'node';","            }","        }());","        // init global","        local.global = local.modeJs === 'browser'","            ? window","            : global;","        // init utility2_rollup","        local = local.global.utility2_rollup || local;","        // init lib","        local.local = local.npmtest_confidence = local;","        // init exports","        if (local.modeJs === 'browser') {","            local.global.utility2_npmtest_confidence = local;","        } else {","            module.exports = local;","            module.exports.__dirname = __dirname;","            module.exports.module = module;","        }","    }());","}());",""],"l":{"12":2,"14":2,"19":2,"21":2,"23":2,"24":2,"25":2,"30":1,"37":2,"41":2,"43":2,"45":2,"46":1,"48":1,"49":1,"50":1}},"/home/travis/build/npmtest/node-npmtest-confidence/example.js":{"path":"/home/travis/build/npmtest/node-npmtest-confidence/example.js","s":{"1":2,"2":2,"3":2,"4":2,"5":2,"6":2,"7":2,"8":1,"9":2,"10":2,"11":2,"12":2,"13":1,"14":2,"15":2,"16":2,"17":2,"18":2,"19":0,"20":2,"21":1,"22":1,"23":1,"24":1,"25":1,"26":0,"27":0,"28":1,"29":1,"30":2,"31":0,"32":0,"33":0,"34":1,"35":2,"36":2,"37":3,"38":3,"39":3,"40":3,"41":0,"42":3,"43":3,"44":3,"45":1,"46":3,"47":1,"48":1,"49":1,"50":1,"51":1,"52":1,"53":1,"54":1,"55":1,"56":1,"57":0,"58":1,"59":6,"60":6,"61":1,"62":2,"63":0,"64":2,"65":1,"66":1,"67":0,"68":0,"69":0,"70":0,"71":0,"72":0,"73":0,"74":0,"75":0,"76":0,"77":0,"78":0,"79":0,"80":0,"81":0,"82":0,"83":0},"b":{"1":[2,1,1,1],"2":[1,1,1,1],"3":[1,1],"4":[2,2],"5":[1,1],"6":[1,1],"7":[2,0],"8":[2,1,1,1,1,1],"9":[0,2,0],"10":[1,1],"11":[2,1,1],"12":[1,0],"13":[0,2],"14":[2,0,0,0,0,0,0],"15":[0,3],"16":[3,0],"17":[1,1],"18":[0,1],"19":[1,2,0,2],"20":[1,0],"21":[1,1],"22":[0,0],"23":[0,0],"24":[0,0],"25":[0,0],"26":[0,0],"27":[0,0],"28":[0,0]},"f":{"1":2,"2":2,"3":2,"4":2,"5":2,"6":2,"7":3,"8":3,"9":3,"10":1,"11":6,"12":0},"fnMap":{"1":{"name":"(anonymous_1)","line":26,"loc":{"start":{"line":26,"column":1},"end":{"line":26,"column":13}}},"2":{"name":"(anonymous_2)","line":33,"loc":{"start":{"line":33,"column":5},"end":{"line":33,"column":17}}},"3":{"name":"(anonymous_3)","line":37,"loc":{"start":{"line":37,"column":24},"end":{"line":37,"column":36}}},"4":{"name":"(anonymous_4)","line":69,"loc":{"start":{"line":69,"column":31},"end":{"line":69,"column":48}},"skip":true},"5":{"name":"(anonymous_5)","line":78,"loc":{"start":{"line":78,"column":26},"end":{"line":78,"column":45}},"skip":true},"6":{"name":"(anonymous_6)","line":123,"loc":{"start":{"line":123,"column":33},"end":{"line":123,"column":48}},"skip":true},"7":{"name":"(anonymous_7)","line":125,"loc":{"start":{"line":125,"column":27},"end":{"line":125,"column":39}},"skip":true},"8":{"name":"(anonymous_8)","line":133,"loc":{"start":{"line":133,"column":59},"end":{"line":133,"column":74}},"skip":true},"9":{"name":"(anonymous_9)","line":143,"loc":{"start":{"line":143,"column":45},"end":{"line":143,"column":62}},"skip":true},"10":{"name":"(anonymous_10)","line":144,"loc":{"start":{"line":144,"column":73},"end":{"line":144,"column":92}},"skip":true},"11":{"name":"(anonymous_11)","line":272,"loc":{"start":{"line":272,"column":51},"end":{"line":272,"column":77}},"skip":true},"12":{"name":"(anonymous_12)","line":315,"loc":{"start":{"line":315,"column":32},"end":{"line":315,"column":61}},"skip":true}},"statementMap":{"1":{"start":{"line":26,"column":0},"end":{"line":326,"column":5}},"2":{"start":{"line":28,"column":4},"end":{"line":28,"column":14}},"3":{"start":{"line":33,"column":4},"end":{"line":60,"column":9}},"4":{"start":{"line":35,"column":8},"end":{"line":35,"column":19}},"5":{"start":{"line":37,"column":8},"end":{"line":49,"column":13}},"6":{"start":{"line":38,"column":12},"end":{"line":48,"column":13}},"7":{"start":{"line":39,"column":16},"end":{"line":42,"column":30}},"8":{"start":{"line":44,"column":16},"end":{"line":47,"column":27}},"9":{"start":{"line":51,"column":8},"end":{"line":53,"column":21}},"10":{"start":{"line":55,"column":8},"end":{"line":57,"column":45}},"11":{"start":{"line":59,"column":8},"end":{"line":59,"column":35}},"12":{"start":{"line":61,"column":4},"end":{"line":325,"column":5}},"13":{"start":{"line":69,"column":8},"end":{"line":121,"column":10},"skip":true},"14":{"start":{"line":70,"column":12},"end":{"line":88,"column":13},"skip":true},"15":{"start":{"line":76,"column":16},"end":{"line":87,"column":19},"skip":true},"16":{"start":{"line":79,"column":20},"end":{"line":86,"column":21},"skip":true},"17":{"start":{"line":82,"column":24},"end":{"line":82,"column":43},"skip":true},"18":{"start":{"line":83,"column":24},"end":{"line":83,"column":30},"skip":true},"19":{"start":{"line":85,"column":24},"end":{"line":85,"column":49},"skip":true},"20":{"start":{"line":89,"column":12},"end":{"line":107,"column":13},"skip":true},"21":{"start":{"line":92,"column":16},"end":{"line":102,"column":17},"skip":true},"22":{"start":{"line":93,"column":20},"end":{"line":93,"column":86},"skip":true},"23":{"start":{"line":94,"column":20},"end":{"line":95,"column":45},"skip":true},"24":{"start":{"line":96,"column":20},"end":{"line":96,"column":42},"skip":true},"25":{"start":{"line":97,"column":20},"end":{"line":97,"column":48},"skip":true},"26":{"start":{"line":100,"column":20},"end":{"line":100,"column":85},"skip":true},"27":{"start":{"line":101,"column":20},"end":{"line":101,"column":96},"skip":true},"28":{"start":{"line":103,"column":16},"end":{"line":103,"column":22},"skip":true},"29":{"start":{"line":106,"column":16},"end":{"line":106,"column":22},"skip":true},"30":{"start":{"line":108,"column":12},"end":{"line":120,"column":13},"skip":true},"31":{"start":{"line":114,"column":16},"end":{"line":119,"column":17},"skip":true},"32":{"start":{"line":116,"column":20},"end":{"line":116,"column":78},"skip":true},"33":{"start":{"line":118,"column":20},"end":{"line":118,"column":47},"skip":true},"34":{"start":{"line":123,"column":8},"end":{"line":141,"column":11},"skip":true},"35":{"start":{"line":124,"column":12},"end":{"line":124,"column":54},"skip":true},"36":{"start":{"line":125,"column":12},"end":{"line":140,"column":14},"skip":true},"37":{"start":{"line":126,"column":16},"end":{"line":126,"column":28},"skip":true},"38":{"start":{"line":127,"column":16},"end":{"line":127,"column":69},"skip":true},"39":{"start":{"line":128,"column":16},"end":{"line":128,"column":75},"skip":true},"40":{"start":{"line":129,"column":16},"end":{"line":131,"column":17},"skip":true},"41":{"start":{"line":130,"column":20},"end":{"line":130,"column":27},"skip":true},"42":{"start":{"line":133,"column":16},"end":{"line":137,"column":36},"skip":true},"43":{"start":{"line":134,"column":20},"end":{"line":136,"column":55},"skip":true},"44":{"start":{"line":139,"column":16},"end":{"line":139,"column":57},"skip":true},"45":{"start":{"line":143,"column":8},"end":{"line":147,"column":11},"skip":true},"46":{"start":{"line":144,"column":12},"end":{"line":146,"column":15},"skip":true},"47":{"start":{"line":145,"column":16},"end":{"line":145,"column":70},"skip":true},"48":{"start":{"line":149,"column":8},"end":{"line":149,"column":31},"skip":true},"49":{"start":{"line":150,"column":8},"end":{"line":150,"column":14},"skip":true},"50":{"start":{"line":158,"column":8},"end":{"line":158,"column":31},"skip":true},"51":{"start":{"line":160,"column":8},"end":{"line":160,"column":33},"skip":true},"52":{"start":{"line":161,"column":8},"end":{"line":161,"column":37},"skip":true},"53":{"start":{"line":162,"column":8},"end":{"line":162,"column":35},"skip":true},"54":{"start":{"line":164,"column":8},"end":{"line":164,"column":50},"skip":true},"55":{"start":{"line":166,"column":8},"end":{"line":256,"column":2},"skip":true},"56":{"start":{"line":258,"column":8},"end":{"line":286,"column":9},"skip":true},"57":{"start":{"line":259,"column":12},"end":{"line":269,"column":14},"skip":true},"58":{"start":{"line":271,"column":12},"end":{"line":285,"column":19},"skip":true},"59":{"start":{"line":274,"column":20},"end":{"line":274,"column":35},"skip":true},"60":{"start":{"line":275,"column":20},"end":{"line":284,"column":21},"skip":true},"61":{"start":{"line":277,"column":24},"end":{"line":277,"column":64},"skip":true},"62":{"start":{"line":279,"column":24},"end":{"line":279,"column":40},"skip":true},"63":{"start":{"line":281,"column":24},"end":{"line":281,"column":40},"skip":true},"64":{"start":{"line":283,"column":24},"end":{"line":283,"column":39},"skip":true},"65":{"start":{"line":288,"column":8},"end":{"line":290,"column":9},"skip":true},"66":{"start":{"line":289,"column":12},"end":{"line":289,"column":18},"skip":true},"67":{"start":{"line":291,"column":8},"end":{"line":293,"column":54},"skip":true},"68":{"start":{"line":296,"column":8},"end":{"line":301,"column":37},"skip":true},"69":{"start":{"line":303,"column":8},"end":{"line":303,"column":82},"skip":true},"70":{"start":{"line":306,"column":8},"end":{"line":308,"column":9},"skip":true},"71":{"start":{"line":307,"column":12},"end":{"line":307,"column":82},"skip":true},"72":{"start":{"line":310,"column":8},"end":{"line":312,"column":9},"skip":true},"73":{"start":{"line":311,"column":12},"end":{"line":311,"column":18},"skip":true},"74":{"start":{"line":313,"column":8},"end":{"line":313,"column":54},"skip":true},"75":{"start":{"line":314,"column":8},"end":{"line":314,"column":69},"skip":true},"76":{"start":{"line":315,"column":8},"end":{"line":323,"column":36},"skip":true},"77":{"start":{"line":316,"column":12},"end":{"line":316,"column":61},"skip":true},"78":{"start":{"line":317,"column":12},"end":{"line":320,"column":13},"skip":true},"79":{"start":{"line":318,"column":16},"end":{"line":318,"column":75},"skip":true},"80":{"start":{"line":319,"column":16},"end":{"line":319,"column":23},"skip":true},"81":{"start":{"line":321,"column":12},"end":{"line":321,"column":38},"skip":true},"82":{"start":{"line":322,"column":12},"end":{"line":322,"column":27},"skip":true},"83":{"start":{"line":324,"column":8},"end":{"line":324,"column":14},"skip":true}},"branchMap":{"1":{"line":39,"type":"binary-expr","locations":[{"start":{"line":39,"column":23},"end":{"line":39,"column":62}},{"start":{"line":40,"column":20},"end":{"line":40,"column":70}},{"start":{"line":41,"column":20},"end":{"line":41,"column":71}},{"start":{"line":42,"column":20},"end":{"line":42,"column":29}}]},"2":{"line":44,"type":"binary-expr","locations":[{"start":{"line":44,"column":23},"end":{"line":44,"column":37}},{"start":{"line":45,"column":20},"end":{"line":45,"column":61}},{"start":{"line":46,"column":20},"end":{"line":46,"column":70}},{"start":{"line":47,"column":20},"end":{"line":47,"column":26}}]},"3":{"line":51,"type":"cond-expr","locations":[{"start":{"line":52,"column":14},"end":{"line":52,"column":20}},{"start":{"line":53,"column":14},"end":{"line":53,"column":20}}]},"4":{"line":55,"type":"binary-expr","locations":[{"start":{"line":55,"column":16},"end":{"line":55,"column":44}},{"start":{"line":55,"column":49},"end":{"line":57,"column":43}}]},"5":{"line":55,"type":"cond-expr","locations":[{"start":{"line":56,"column":14},"end":{"line":56,"column":54}},{"start":{"line":57,"column":14},"end":{"line":57,"column":43}}]},"6":{"line":61,"type":"switch","locations":[{"start":{"line":68,"column":4},"end":{"line":150,"column":14},"skip":true},{"start":{"line":156,"column":4},"end":{"line":324,"column":14},"skip":true}]},"7":{"line":70,"type":"if","locations":[{"start":{"line":70,"column":12},"end":{"line":70,"column":12},"skip":true},{"start":{"line":70,"column":12},"end":{"line":70,"column":12},"skip":true}]},"8":{"line":70,"type":"binary-expr","locations":[{"start":{"line":70,"column":16},"end":{"line":70,"column":22},"skip":true},{"start":{"line":70,"column":27},"end":{"line":70,"column":32},"skip":true},{"start":{"line":71,"column":20},"end":{"line":71,"column":39},"skip":true},{"start":{"line":72,"column":20},"end":{"line":72,"column":49},"skip":true},{"start":{"line":73,"column":20},"end":{"line":73,"column":58},"skip":true},{"start":{"line":74,"column":20},"end":{"line":74,"column":69},"skip":true}]},"9":{"line":79,"type":"switch","locations":[{"start":{"line":80,"column":20},"end":{"line":80,"column":33},"skip":true},{"start":{"line":81,"column":20},"end":{"line":83,"column":30},"skip":true},{"start":{"line":84,"column":20},"end":{"line":85,"column":49},"skip":true}]},"10":{"line":89,"type":"switch","locations":[{"start":{"line":90,"column":12},"end":{"line":103,"column":22},"skip":true},{"start":{"line":105,"column":12},"end":{"line":106,"column":22},"skip":true}]},"11":{"line":89,"type":"binary-expr","locations":[{"start":{"line":89,"column":20},"end":{"line":89,"column":25},"skip":true},{"start":{"line":89,"column":29},"end":{"line":89,"column":48},"skip":true},{"start":{"line":89,"column":52},"end":{"line":89,"column":74},"skip":true}]},"12":{"line":92,"type":"if","locations":[{"start":{"line":92,"column":16},"end":{"line":92,"column":16},"skip":true},{"start":{"line":92,"column":16},"end":{"line":92,"column":16},"skip":true}]},"13":{"line":108,"type":"if","locations":[{"start":{"line":108,"column":12},"end":{"line":108,"column":12},"skip":true},{"start":{"line":108,"column":12},"end":{"line":108,"column":12},"skip":true}]},"14":{"line":108,"type":"binary-expr","locations":[{"start":{"line":108,"column":16},"end":{"line":108,"column":61},"skip":true},{"start":{"line":108,"column":66},"end":{"line":108,"column":72},"skip":true},{"start":{"line":108,"column":77},"end":{"line":108,"column":82},"skip":true},{"start":{"line":109,"column":20},"end":{"line":109,"column":39},"skip":true},{"start":{"line":110,"column":20},"end":{"line":110,"column":49},"skip":true},{"start":{"line":111,"column":20},"end":{"line":111,"column":58},"skip":true},{"start":{"line":112,"column":20},"end":{"line":112,"column":68},"skip":true}]},"15":{"line":129,"type":"if","locations":[{"start":{"line":129,"column":16},"end":{"line":129,"column":16},"skip":true},{"start":{"line":129,"column":16},"end":{"line":129,"column":16},"skip":true}]},"16":{"line":134,"type":"cond-expr","locations":[{"start":{"line":135,"column":26},"end":{"line":135,"column":29},"skip":true},{"start":{"line":136,"column":26},"end":{"line":136,"column":54},"skip":true}]},"17":{"line":164,"type":"binary-expr","locations":[{"start":{"line":164,"column":27},"end":{"line":164,"column":43},"skip":true},{"start":{"line":164,"column":47},"end":{"line":164,"column":49},"skip":true}]},"18":{"line":258,"type":"if","locations":[{"start":{"line":258,"column":8},"end":{"line":258,"column":8},"skip":true},{"start":{"line":258,"column":8},"end":{"line":258,"column":8},"skip":true}]},"19":{"line":275,"type":"switch","locations":[{"start":{"line":276,"column":20},"end":{"line":277,"column":64},"skip":true},{"start":{"line":278,"column":20},"end":{"line":279,"column":40},"skip":true},{"start":{"line":280,"column":20},"end":{"line":281,"column":40},"skip":true},{"start":{"line":282,"column":20},"end":{"line":283,"column":39},"skip":true}]},"20":{"line":288,"type":"if","locations":[{"start":{"line":288,"column":8},"end":{"line":288,"column":8},"skip":true},{"start":{"line":288,"column":8},"end":{"line":288,"column":8},"skip":true}]},"21":{"line":288,"type":"binary-expr","locations":[{"start":{"line":288,"column":12},"end":{"line":288,"column":40},"skip":true},{"start":{"line":288,"column":44},"end":{"line":288,"column":67},"skip":true}]},"22":{"line":292,"type":"binary-expr","locations":[{"start":{"line":292,"column":12},"end":{"line":292,"column":50},"skip":true},{"start":{"line":293,"column":12},"end":{"line":293,"column":53},"skip":true}]},"23":{"line":297,"type":"binary-expr","locations":[{"start":{"line":297,"column":12},"end":{"line":297,"column":68},"skip":true},{"start":{"line":298,"column":12},"end":{"line":301,"column":36},"skip":true}]},"24":{"line":303,"type":"binary-expr","locations":[{"start":{"line":303,"column":43},"end":{"line":303,"column":75},"skip":true},{"start":{"line":303,"column":79},"end":{"line":303,"column":81},"skip":true}]},"25":{"line":306,"type":"if","locations":[{"start":{"line":306,"column":8},"end":{"line":306,"column":8},"skip":true},{"start":{"line":306,"column":8},"end":{"line":306,"column":8},"skip":true}]},"26":{"line":310,"type":"if","locations":[{"start":{"line":310,"column":8},"end":{"line":310,"column":8},"skip":true},{"start":{"line":310,"column":8},"end":{"line":310,"column":8},"skip":true}]},"27":{"line":313,"type":"binary-expr","locations":[{"start":{"line":313,"column":27},"end":{"line":313,"column":43},"skip":true},{"start":{"line":313,"column":47},"end":{"line":313,"column":53},"skip":true}]},"28":{"line":317,"type":"if","locations":[{"start":{"line":317,"column":12},"end":{"line":317,"column":12},"skip":true},{"start":{"line":317,"column":12},"end":{"line":317,"column":12},"skip":true}]}},"code":["/*","example.js","","quickstart example","","instruction","    1. save this script as example.js","    2. run the shell command:","        $ npm install npmtest-confidence && PORT=8081 node example.js","    3. play with the browser-demo on http://127.0.0.1:8081","*/","","","","/* istanbul instrument in package npmtest_confidence */","/*jslint","    bitwise: true,","    browser: true,","    maxerr: 8,","    maxlen: 96,","    node: true,","    nomen: true,","    regexp: true,","    stupid: true","*/","(function () {","    'use strict';","    var local;","","","","    // run shared js-env code - pre-init","    (function () {","        // init local","        local = {};","        // init modeJs","        local.modeJs = (function () {","            try {","                return typeof navigator.userAgent === 'string' &&","                    typeof document.querySelector('body') === 'object' &&","                    typeof XMLHttpRequest.prototype.open === 'function' &&","                    'browser';","            } catch (errorCaughtBrowser) {","                return module.exports &&","                    typeof process.versions.node === 'string' &&","                    typeof require('http').createServer === 'function' &&","                    'node';","            }","        }());","        // init global","        local.global = local.modeJs === 'browser'","            ? window","            : global;","        // init utility2_rollup","        local = local.global.utility2_rollup || (local.modeJs === 'browser'","            ? local.global.utility2_npmtest_confidence","            : global.utility2_moduleExports);","        // export local","        local.global.local = local;","    }());","    switch (local.modeJs) {","","","","    // post-init","    // run browser js-env code - post-init","    /* istanbul ignore next */","    case 'browser':","        local.testRunBrowser = function (event) {","            if (!event || (event &&","                    event.currentTarget &&","                    event.currentTarget.className &&","                    event.currentTarget.className.includes &&","                    event.currentTarget.className.includes('onreset'))) {","                // reset output","                Array.from(","                    document.querySelectorAll('body > .resettable')","                ).forEach(function (element) {","                    switch (element.tagName) {","                    case 'INPUT':","                    case 'TEXTAREA':","                        element.value = '';","                        break;","                    default:","                        element.textContent = '';","                    }","                });","            }","            switch (event && event.currentTarget && event.currentTarget.id) {","            case 'testRunButton1':","                // show tests","                if (document.querySelector('#testReportDiv1').style.display === 'none') {","                    document.querySelector('#testReportDiv1').style.display = 'block';","                    document.querySelector('#testRunButton1').textContent =","                        'hide internal test';","                    local.modeTest = true;","                    local.testRunDefault(local);","                // hide tests","                } else {","                    document.querySelector('#testReportDiv1').style.display = 'none';","                    document.querySelector('#testRunButton1').textContent = 'run internal test';","                }","                break;","            // custom-case","            default:","                break;","            }","            if (document.querySelector('#inputTextareaEval1') && (!event || (event &&","                    event.currentTarget &&","                    event.currentTarget.className &&","                    event.currentTarget.className.includes &&","                    event.currentTarget.className.includes('oneval')))) {","                // try to eval input-code","                try {","                    /*jslint evil: true*/","                    eval(document.querySelector('#inputTextareaEval1').value);","                } catch (errorCaught) {","                    console.error(errorCaught);","                }","            }","        };","        // log stderr and stdout to #outputTextareaStdout1","        ['error', 'log'].forEach(function (key) {","            console[key + '_original'] = console[key];","            console[key] = function () {","                var element;","                console[key + '_original'].apply(console, arguments);","                element = document.querySelector('#outputTextareaStdout1');","                if (!element) {","                    return;","                }","                // append text to #outputTextareaStdout1","                element.value += Array.from(arguments).map(function (arg) {","                    return typeof arg === 'string'","                        ? arg","                        : JSON.stringify(arg, null, 4);","                }).join(' ') + '\\n';","                // scroll textarea to bottom","                element.scrollTop = element.scrollHeight;","            };","        });","        // init event-handling","        ['change', 'click', 'keyup'].forEach(function (event) {","            Array.from(document.querySelectorAll('.on' + event)).forEach(function (element) {","                element.addEventListener(event, local.testRunBrowser);","            });","        });","        // run tests","        local.testRunBrowser();","        break;","","","","    // run node js-env code - post-init","    /* istanbul ignore next */","    case 'node':","        // export local","        module.exports = local;","        // require modules","        local.fs = require('fs');","        local.http = require('http');","        local.url = require('url');","        // init assets","        local.assetsDict = local.assetsDict || {};","        /* jslint-ignore-begin */","        local.assetsDict['/assets.index.template.html'] = '\\","<!doctype html>\\n\\","<html lang=\"en\">\\n\\","<head>\\n\\","<meta charset=\"UTF-8\">\\n\\","<meta name=\"viewport\" content=\"width=device-width, initial-scale=1\">\\n\\","<title>{{env.npm_package_name}} (v{{env.npm_package_version}})</title>\\n\\","<style>\\n\\","/*csslint\\n\\","    box-sizing: false,\\n\\","    universal-selector: false\\n\\","*/\\n\\","* {\\n\\","    box-sizing: border-box;\\n\\","}\\n\\","body {\\n\\","    background: #dde;\\n\\","    font-family: Arial, Helvetica, sans-serif;\\n\\","    margin: 2rem;\\n\\","}\\n\\","body > * {\\n\\","    margin-bottom: 1rem;\\n\\","}\\n\\",".utility2FooterDiv {\\n\\","    margin-top: 20px;\\n\\","    text-align: center;\\n\\","}\\n\\","</style>\\n\\","<style>\\n\\","/*csslint\\n\\","*/\\n\\","textarea {\\n\\","    font-family: monospace;\\n\\","    height: 10rem;\\n\\","    width: 100%;\\n\\","}\\n\\","textarea[readonly] {\\n\\","    background: #ddd;\\n\\","}\\n\\","</style>\\n\\","</head>\\n\\","<body>\\n\\","<!-- utility2-comment\\n\\","<div id=\"ajaxProgressDiv1\" style=\"background: #d00; height: 2px; left: 0; margin: 0; padding: 0; position: fixed; top: 0; transition: background 0.5s, width 1.5s; width: 25%;\"></div>\\n\\","utility2-comment -->\\n\\","<h1>\\n\\","<!-- utility2-comment\\n\\","    <a\\n\\","        {{#if env.npm_package_homepage}}\\n\\","        href=\"{{env.npm_package_homepage}}\"\\n\\","        {{/if env.npm_package_homepage}}\\n\\","        target=\"_blank\"\\n\\","    >\\n\\","utility2-comment -->\\n\\","        {{env.npm_package_name}} (v{{env.npm_package_version}})\\n\\","<!-- utility2-comment\\n\\","    </a>\\n\\","utility2-comment -->\\n\\","</h1>\\n\\","<h3>{{env.npm_package_description}}</h3>\\n\\","<!-- utility2-comment\\n\\","<h4><a download href=\"assets.app.js\">download standalone app</a></h4>\\n\\","<button class=\"onclick onreset\" id=\"testRunButton1\">run internal test</button><br>\\n\\","<div id=\"testReportDiv1\" style=\"display: none;\"></div>\\n\\","utility2-comment -->\\n\\","\\n\\","\\n\\","\\n\\","<label>stderr and stdout</label>\\n\\","<textarea class=\"resettable\" id=\"outputTextareaStdout1\" readonly></textarea>\\n\\","<!-- utility2-comment\\n\\","{{#if isRollup}}\\n\\","<script src=\"assets.app.js\"></script>\\n\\","{{#unless isRollup}}\\n\\","utility2-comment -->\\n\\","<script src=\"assets.utility2.rollup.js\"></script>\\n\\","<script src=\"jsonp.utility2._stateInit?callback=window.utility2._stateInit\"></script>\\n\\","<script src=\"assets.npmtest_confidence.rollup.js\"></script>\\n\\","<script src=\"assets.example.js\"></script>\\n\\","<script src=\"assets.test.js\"></script>\\n\\","<!-- utility2-comment\\n\\","{{/if isRollup}}\\n\\","utility2-comment -->\\n\\","<div class=\"utility2FooterDiv\">\\n\\","    [ this app was created with\\n\\","    <a href=\"https://github.com/kaizhu256/node-utility2\" target=\"_blank\">utility2</a>\\n\\","    ]\\n\\","</div>\\n\\","</body>\\n\\","</html>\\n\\","';","        /* jslint-ignore-end */","        if (local.templateRender) {","            local.assetsDict['/'] = local.templateRender(","                local.assetsDict['/assets.index.template.html'],","                {","                    env: local.objectSetDefault(local.env, {","                        npm_package_description: 'the greatest app in the world!',","                        npm_package_name: 'my-app',","                        npm_package_nameAlias: 'my_app',","                        npm_package_version: '0.0.1'","                    })","                }","            );","        } else {","            local.assetsDict['/'] = local.assetsDict['/assets.index.template.html']","                .replace((/\\{\\{env\\.(\\w+?)\\}\\}/g), function (match0, match1) {","                    // jslint-hack","                    String(match0);","                    switch (match1) {","                    case 'npm_package_description':","                        return 'the greatest app in the world!';","                    case 'npm_package_name':","                        return 'my-app';","                    case 'npm_package_nameAlias':","                        return 'my_app';","                    case 'npm_package_version':","                        return '0.0.1';","                    }","                });","        }","        // run the cli","        if (local.global.utility2_rollup || module !== require.main) {","            break;","        }","        local.assetsDict['/assets.example.js'] =","            local.assetsDict['/assets.example.js'] ||","            local.fs.readFileSync(__filename, 'utf8');","        // bug-workaround - long $npm_package_buildCustomOrg","        /* jslint-ignore-begin */","        local.assetsDict['/assets.npmtest_confidence.rollup.js'] =","            local.assetsDict['/assets.npmtest_confidence.rollup.js'] ||","            local.fs.readFileSync(","                local.npmtest_confidence.__dirname + '/lib.npmtest_confidence.js',","                'utf8'","            ).replace((/^#!/), '//');","        /* jslint-ignore-end */","        local.assetsDict['/favicon.ico'] = local.assetsDict['/favicon.ico'] || '';","        // if $npm_config_timeout_exit exists,","        // then exit this process after $npm_config_timeout_exit ms","        if (Number(process.env.npm_config_timeout_exit)) {","            setTimeout(process.exit, Number(process.env.npm_config_timeout_exit));","        }","        // start server","        if (local.global.utility2_serverHttp1) {","            break;","        }","        process.env.PORT = process.env.PORT || '8081';","        console.error('server starting on port ' + process.env.PORT);","        local.http.createServer(function (request, response) {","            request.urlParsed = local.url.parse(request.url);","            if (local.assetsDict[request.urlParsed.pathname] !== undefined) {","                response.end(local.assetsDict[request.urlParsed.pathname]);","                return;","            }","            response.statusCode = 404;","            response.end();","        }).listen(process.env.PORT);","        break;","    }","}());",""],"l":{"26":2,"28":2,"33":2,"35":2,"37":2,"38":2,"39":2,"44":1,"51":2,"55":2,"59":2,"61":2,"69":1,"70":2,"76":2,"79":2,"82":2,"83":2,"85":1,"89":2,"92":1,"93":1,"94":1,"96":1,"97":1,"100":1,"101":1,"103":1,"106":1,"108":2,"114":1,"116":1,"118":1,"123":1,"124":2,"125":2,"126":3,"127":3,"128":3,"129":3,"130":1,"133":3,"134":3,"139":3,"143":1,"144":3,"145":1,"149":1,"150":1,"158":1,"160":1,"161":1,"162":1,"164":1,"166":1,"258":1,"259":1,"271":1,"274":6,"275":6,"277":1,"279":2,"281":1,"283":2,"288":1,"289":1,"291":1,"296":1,"303":1,"306":1,"307":1,"310":1,"311":1,"313":1,"314":1,"315":1,"316":1,"317":1,"318":1,"319":1,"321":1,"322":1,"324":1}},"/home/travis/build/npmtest/node-npmtest-confidence/node_modules/confidence/lib/index.js":{"path":"/home/travis/build/npmtest/node-npmtest-confidence/node_modules/confidence/lib/index.js","s":{"1":1,"2":1,"3":1,"4":1,"5":1},"b":{},"f":{},"fnMap":{},"statementMap":{"1":{"start":{"line":5,"column":0},"end":{"line":5,"column":33}},"2":{"start":{"line":6,"column":0},"end":{"line":6,"column":27}},"3":{"start":{"line":11,"column":0},"end":{"line":11,"column":21}},"4":{"start":{"line":16,"column":0},"end":{"line":16,"column":22}},"5":{"start":{"line":17,"column":0},"end":{"line":17,"column":16}}},"branchMap":{},"code":["'use strict';","","// Load modules","","const Store = require('./store');","const Id = require('./id');","","","// Declare internals","","const internals = {};","","","// Exports components","","exports.Store = Store;","exports.id = Id;",""],"l":{"5":1,"6":1,"11":1,"16":1,"17":1}},"/home/travis/build/npmtest/node-npmtest-confidence/node_modules/confidence/lib/store.js":{"path":"/home/travis/build/npmtest/node-npmtest-confidence/node_modules/confidence/lib/store.js","s":{"1":1,"2":1,"3":1,"4":1,"5":0,"6":1,"7":0,"8":0,"9":0,"10":1,"11":0,"12":0,"13":1,"14":0,"15":0,"16":0,"17":0,"18":0,"19":0,"20":0,"21":0,"22":0,"23":0,"24":0,"25":0,"26":0,"27":0,"28":0,"29":0,"30":1,"31":0,"32":0,"33":1,"34":0,"35":0,"36":0,"37":0,"38":1,"39":0,"40":0,"41":0,"42":0,"43":0,"44":0,"45":0,"46":0,"47":0,"48":0,"49":0,"50":0,"51":0,"52":0,"53":0,"54":0,"55":0,"56":0,"57":0,"58":0,"59":1,"60":0,"61":0,"62":0,"63":0,"64":0,"65":0,"66":0,"67":0,"68":0,"69":0,"70":0,"71":0,"72":1,"73":0,"74":0,"75":0,"76":0,"77":0,"78":0,"79":0,"80":0,"81":0,"82":0,"83":0,"84":0,"85":0,"86":0,"87":0,"88":1,"89":0,"90":0,"91":0,"92":0,"93":0,"94":0,"95":0,"96":0,"97":0,"98":0,"99":0,"100":0,"101":0,"102":0,"103":0,"104":0,"105":0,"106":0,"107":0,"108":0,"109":0,"110":0,"111":0,"112":0,"113":0,"114":0,"115":0,"116":0,"117":0,"118":0,"119":0,"120":0,"121":0,"122":0,"123":0,"124":0,"125":0,"126":0,"127":0,"128":0,"129":0,"130":0,"131":0,"132":0,"133":0,"134":0,"135":0,"136":0,"137":0,"138":0,"139":0,"140":0,"141":0,"142":0,"143":0,"144":0,"145":0,"146":0,"147":0,"148":0,"149":0,"150":0,"151":0,"152":0,"153":0,"154":0,"155":0,"156":0,"157":0,"158":0,"159":0,"160":0,"161":0,"162":0,"163":0,"164":0,"165":0,"166":0,"167":0,"168":0,"169":0,"170":0,"171":0},"b":{"1":[0,0],"2":[0,0],"3":[0,0],"4":[0,0],"5":[0,0],"6":[0,0],"7":[0,0],"8":[0,0],"9":[0,0],"10":[0,0],"11":[0,0],"12":[0,0,0,0],"13":[0,0],"14":[0,0],"15":[0,0],"16":[0,0],"17":[0,0],"18":[0,0],"19":[0,0],"20":[0,0],"21":[0,0],"22":[0,0],"23":[0,0],"24":[0,0],"25":[0,0],"26":[0,0],"27":[0,0],"28":[0,0],"29":[0,0],"30":[0,0],"31":[0,0],"32":[0,0],"33":[0,0],"34":[0,0],"35":[0,0],"36":[0,0,0],"37":[0,0],"38":[0,0,0],"39":[0,0],"40":[0,0],"41":[0,0],"42":[0,0],"43":[0,0],"44":[0,0],"45":[0,0],"46":[0,0],"47":[0,0],"48":[0,0],"49":[0,0],"50":[0,0],"51":[0,0],"52":[0,0],"53":[0,0],"54":[0,0],"55":[0,0],"56":[0,0],"57":[0,0],"58":[0,0],"59":[0,0],"60":[0,0],"61":[0,0],"62":[0,0],"63":[0,0],"64":[0,0],"65":[0,0,0,0,0],"66":[0,0],"67":[0,0],"68":[0,0],"69":[0,0,0,0],"70":[0,0],"71":[0,0,0,0],"72":[0,0],"73":[0,0],"74":[0,0],"75":[0,0]},"f":{"1":0,"2":0,"3":0,"4":0,"5":0,"6":0,"7":0,"8":0,"9":0,"10":0,"11":0},"fnMap":{"1":{"name":"(anonymous_1)","line":14,"loc":{"start":{"line":14,"column":45},"end":{"line":14,"column":65}}},"2":{"name":"(anonymous_2)","line":20,"loc":{"start":{"line":20,"column":33},"end":{"line":20,"column":53}}},"3":{"name":"(anonymous_3)","line":31,"loc":{"start":{"line":31,"column":32},"end":{"line":31,"column":66}}},"4":{"name":"(anonymous_4)","line":38,"loc":{"start":{"line":38,"column":33},"end":{"line":38,"column":67}}},"5":{"name":"(anonymous_5)","line":73,"loc":{"start":{"line":73,"column":33},"end":{"line":73,"column":58}}},"6":{"name":"(anonymous_6)","line":79,"loc":{"start":{"line":79,"column":21},"end":{"line":79,"column":43}}},"7":{"name":"(anonymous_7)","line":93,"loc":{"start":{"line":93,"column":19},"end":{"line":93,"column":54}}},"8":{"name":"(anonymous_8)","line":139,"loc":{"start":{"line":139,"column":22},"end":{"line":139,"column":66}}},"9":{"name":"(anonymous_9)","line":173,"loc":{"start":{"line":173,"column":17},"end":{"line":173,"column":52}}},"10":{"name":"(anonymous_10)","line":206,"loc":{"start":{"line":206,"column":27},"end":{"line":206,"column":49}}},"11":{"name":"(anonymous_11)","line":210,"loc":{"start":{"line":210,"column":18},"end":{"line":210,"column":36}}}},"statementMap":{"1":{"start":{"line":5,"column":0},"end":{"line":5,"column":29}},"2":{"start":{"line":6,"column":0},"end":{"line":6,"column":29}},"3":{"start":{"line":12,"column":0},"end":{"line":12,"column":21}},"4":{"start":{"line":14,"column":0},"end":{"line":17,"column":2}},"5":{"start":{"line":16,"column":4},"end":{"line":16,"column":30}},"6":{"start":{"line":20,"column":0},"end":{"line":26,"column":2}},"7":{"start":{"line":22,"column":4},"end":{"line":22,"column":51}},"8":{"start":{"line":23,"column":4},"end":{"line":23,"column":27}},"9":{"start":{"line":25,"column":4},"end":{"line":25,"column":38}},"10":{"start":{"line":31,"column":0},"end":{"line":35,"column":2}},"11":{"start":{"line":33,"column":4},"end":{"line":33,"column":51}},"12":{"start":{"line":34,"column":4},"end":{"line":34,"column":51}},"13":{"start":{"line":38,"column":0},"end":{"line":68,"column":2}},"14":{"start":{"line":40,"column":4},"end":{"line":40,"column":22}},"15":{"start":{"line":42,"column":4},"end":{"line":42,"column":30}},"16":{"start":{"line":44,"column":4},"end":{"line":44,"column":20}},"17":{"start":{"line":45,"column":4},"end":{"line":55,"column":5}},"18":{"start":{"line":46,"column":8},"end":{"line":50,"column":11}},"19":{"start":{"line":48,"column":12},"end":{"line":48,"column":26}},"20":{"start":{"line":49,"column":12},"end":{"line":49,"column":22}},"21":{"start":{"line":52,"column":8},"end":{"line":54,"column":9}},"22":{"start":{"line":53,"column":12},"end":{"line":53,"column":29}},"23":{"start":{"line":57,"column":4},"end":{"line":57,"column":63}},"24":{"start":{"line":58,"column":4},"end":{"line":65,"column":5}},"25":{"start":{"line":59,"column":8},"end":{"line":62,"column":9}},"26":{"start":{"line":60,"column":12},"end":{"line":60,"column":29}},"27":{"start":{"line":61,"column":12},"end":{"line":61,"column":18}},"28":{"start":{"line":64,"column":8},"end":{"line":64,"column":66}},"29":{"start":{"line":67,"column":4},"end":{"line":67,"column":16}},"30":{"start":{"line":73,"column":0},"end":{"line":77,"column":2}},"31":{"start":{"line":75,"column":4},"end":{"line":75,"column":42}},"32":{"start":{"line":76,"column":4},"end":{"line":76,"column":63}},"33":{"start":{"line":79,"column":0},"end":{"line":88,"column":2}},"34":{"start":{"line":81,"column":4},"end":{"line":81,"column":22}},"35":{"start":{"line":83,"column":4},"end":{"line":85,"column":5}},"36":{"start":{"line":84,"column":8},"end":{"line":84,"column":62}},"37":{"start":{"line":87,"column":4},"end":{"line":87,"column":16}},"38":{"start":{"line":93,"column":0},"end":{"line":135,"column":2}},"39":{"start":{"line":95,"column":4},"end":{"line":100,"column":5}},"40":{"start":{"line":99,"column":8},"end":{"line":99,"column":20}},"41":{"start":{"line":102,"column":4},"end":{"line":104,"column":5}},"42":{"start":{"line":103,"column":8},"end":{"line":103,"column":96}},"43":{"start":{"line":108,"column":4},"end":{"line":108,"column":32}},"44":{"start":{"line":109,"column":4},"end":{"line":109,"column":51}},"45":{"start":{"line":111,"column":4},"end":{"line":126,"column":5}},"46":{"start":{"line":112,"column":8},"end":{"line":123,"column":9}},"47":{"start":{"line":113,"column":12},"end":{"line":118,"column":13}},"48":{"start":{"line":114,"column":16},"end":{"line":117,"column":17}},"49":{"start":{"line":115,"column":20},"end":{"line":115,"column":79}},"50":{"start":{"line":116,"column":20},"end":{"line":116,"column":85}},"51":{"start":{"line":120,"column":13},"end":{"line":123,"column":9}},"52":{"start":{"line":121,"column":12},"end":{"line":121,"column":66}},"53":{"start":{"line":122,"column":12},"end":{"line":122,"column":104}},"54":{"start":{"line":128,"column":4},"end":{"line":131,"column":5}},"55":{"start":{"line":129,"column":8},"end":{"line":129,"column":63}},"56":{"start":{"line":130,"column":8},"end":{"line":130,"column":98}},"57":{"start":{"line":133,"column":4},"end":{"line":133,"column":47}},"58":{"start":{"line":134,"column":4},"end":{"line":134,"column":21}},"59":{"start":{"line":139,"column":0},"end":{"line":168,"column":2}},"60":{"start":{"line":141,"column":4},"end":{"line":143,"column":5}},"61":{"start":{"line":142,"column":8},"end":{"line":142,"column":15}},"62":{"start":{"line":145,"column":4},"end":{"line":147,"column":6}},"63":{"start":{"line":149,"column":4},"end":{"line":161,"column":5}},"64":{"start":{"line":150,"column":8},"end":{"line":160,"column":9}},"65":{"start":{"line":151,"column":12},"end":{"line":156,"column":13}},"66":{"start":{"line":152,"column":16},"end":{"line":152,"column":46}},"67":{"start":{"line":155,"column":16},"end":{"line":155,"column":113}},"68":{"start":{"line":159,"column":12},"end":{"line":159,"column":50}},"69":{"start":{"line":163,"column":4},"end":{"line":165,"column":5}},"70":{"start":{"line":164,"column":8},"end":{"line":164,"column":35}},"71":{"start":{"line":167,"column":4},"end":{"line":167,"column":25}},"72":{"start":{"line":173,"column":0},"end":{"line":201,"column":2}},"73":{"start":{"line":175,"column":4},"end":{"line":179,"column":5}},"74":{"start":{"line":178,"column":8},"end":{"line":178,"column":20}},"75":{"start":{"line":181,"column":4},"end":{"line":183,"column":5}},"76":{"start":{"line":182,"column":8},"end":{"line":182,"column":62}},"77":{"start":{"line":185,"column":4},"end":{"line":185,"column":53}},"78":{"start":{"line":187,"column":4},"end":{"line":187,"column":35}},"79":{"start":{"line":188,"column":4},"end":{"line":198,"column":5}},"80":{"start":{"line":189,"column":8},"end":{"line":189,"column":28}},"81":{"start":{"line":190,"column":8},"end":{"line":192,"column":9}},"82":{"start":{"line":191,"column":12},"end":{"line":191,"column":21}},"83":{"start":{"line":193,"column":8},"end":{"line":193,"column":69}},"84":{"start":{"line":194,"column":8},"end":{"line":194,"column":63}},"85":{"start":{"line":195,"column":8},"end":{"line":197,"column":9}},"86":{"start":{"line":196,"column":12},"end":{"line":196,"column":32}},"87":{"start":{"line":200,"column":4},"end":{"line":200,"column":18}},"88":{"start":{"line":206,"column":0},"end":{"line":368,"column":2}},"89":{"start":{"line":208,"column":4},"end":{"line":208,"column":22}},"90":{"start":{"line":210,"column":4},"end":{"line":215,"column":6}},"91":{"start":{"line":212,"column":8},"end":{"line":212,"column":42}},"92":{"start":{"line":213,"column":8},"end":{"line":213,"column":29}},"93":{"start":{"line":214,"column":8},"end":{"line":214,"column":17}},"94":{"start":{"line":219,"column":4},"end":{"line":223,"column":5}},"95":{"start":{"line":222,"column":8},"end":{"line":222,"column":20}},"96":{"start":{"line":227,"column":4},"end":{"line":232,"column":5}},"97":{"start":{"line":231,"column":8},"end":{"line":231,"column":49}},"98":{"start":{"line":236,"column":4},"end":{"line":236,"column":21}},"99":{"start":{"line":237,"column":4},"end":{"line":237,"column":35}},"100":{"start":{"line":238,"column":4},"end":{"line":338,"column":5}},"101":{"start":{"line":239,"column":8},"end":{"line":239,"column":28}},"102":{"start":{"line":240,"column":8},"end":{"line":337,"column":9}},"103":{"start":{"line":241,"column":12},"end":{"line":328,"column":13}},"104":{"start":{"line":242,"column":16},"end":{"line":242,"column":36}},"105":{"start":{"line":243,"column":16},"end":{"line":243,"column":41}},"106":{"start":{"line":244,"column":16},"end":{"line":246,"column":17}},"107":{"start":{"line":245,"column":20},"end":{"line":245,"column":63}},"108":{"start":{"line":248,"column":16},"end":{"line":250,"column":17}},"109":{"start":{"line":249,"column":20},"end":{"line":249,"column":66}},"110":{"start":{"line":252,"column":16},"end":{"line":254,"column":17}},"111":{"start":{"line":253,"column":20},"end":{"line":253,"column":70}},"112":{"start":{"line":256,"column":17},"end":{"line":328,"column":13}},"113":{"start":{"line":257,"column":16},"end":{"line":257,"column":35}},"114":{"start":{"line":258,"column":16},"end":{"line":260,"column":17}},"115":{"start":{"line":259,"column":20},"end":{"line":259,"column":65}},"116":{"start":{"line":262,"column":16},"end":{"line":264,"column":17}},"117":{"start":{"line":263,"column":20},"end":{"line":263,"column":74}},"118":{"start":{"line":266,"column":16},"end":{"line":266,"column":42}},"119":{"start":{"line":267,"column":16},"end":{"line":295,"column":17}},"120":{"start":{"line":268,"column":20},"end":{"line":268,"column":49}},"121":{"start":{"line":269,"column":20},"end":{"line":271,"column":21}},"122":{"start":{"line":270,"column":24},"end":{"line":270,"column":65}},"123":{"start":{"line":273,"column":20},"end":{"line":275,"column":21}},"124":{"start":{"line":274,"column":24},"end":{"line":274,"column":66}},"125":{"start":{"line":277,"column":20},"end":{"line":279,"column":21}},"126":{"start":{"line":278,"column":24},"end":{"line":278,"column":69}},"127":{"start":{"line":281,"column":20},"end":{"line":283,"column":21}},"128":{"start":{"line":282,"column":24},"end":{"line":282,"column":137}},"129":{"start":{"line":285,"column":20},"end":{"line":285,"column":44}},"130":{"start":{"line":287,"column":20},"end":{"line":289,"column":21}},"131":{"start":{"line":288,"column":24},"end":{"line":288,"column":66}},"132":{"start":{"line":291,"column":20},"end":{"line":291,"column":109}},"133":{"start":{"line":292,"column":20},"end":{"line":294,"column":21}},"134":{"start":{"line":293,"column":24},"end":{"line":293,"column":35}},"135":{"start":{"line":297,"column":17},"end":{"line":328,"column":13}},"136":{"start":{"line":298,"column":16},"end":{"line":298,"column":37}},"137":{"start":{"line":299,"column":16},"end":{"line":299,"column":89}},"138":{"start":{"line":300,"column":16},"end":{"line":302,"column":17}},"139":{"start":{"line":301,"column":20},"end":{"line":301,"column":32}},"140":{"start":{"line":304,"column":17},"end":{"line":328,"column":13}},"141":{"start":{"line":305,"column":16},"end":{"line":305,"column":34}},"142":{"start":{"line":307,"column":17},"end":{"line":328,"column":13}},"143":{"start":{"line":308,"column":16},"end":{"line":308,"column":34}},"144":{"start":{"line":310,"column":17},"end":{"line":328,"column":13}},"145":{"start":{"line":311,"column":16},"end":{"line":315,"column":17}},"146":{"start":{"line":314,"column":20},"end":{"line":314,"column":72}},"147":{"start":{"line":317,"column":16},"end":{"line":317,"column":32}},"148":{"start":{"line":319,"column":17},"end":{"line":328,"column":13}},"149":{"start":{"line":320,"column":16},"end":{"line":320,"column":35}},"150":{"start":{"line":321,"column":16},"end":{"line":321,"column":85}},"151":{"start":{"line":322,"column":16},"end":{"line":324,"column":17}},"152":{"start":{"line":323,"column":20},"end":{"line":323,"column":32}},"153":{"start":{"line":327,"column":16},"end":{"line":327,"column":59}},"154":{"start":{"line":331,"column":12},"end":{"line":331,"column":29}},"155":{"start":{"line":332,"column":12},"end":{"line":332,"column":36}},"156":{"start":{"line":333,"column":12},"end":{"line":333,"column":75}},"157":{"start":{"line":334,"column":12},"end":{"line":336,"column":13}},"158":{"start":{"line":335,"column":16},"end":{"line":335,"column":28}},"159":{"start":{"line":341,"column":4},"end":{"line":343,"column":5}},"160":{"start":{"line":342,"column":8},"end":{"line":342,"column":78}},"161":{"start":{"line":345,"column":4},"end":{"line":347,"column":5}},"162":{"start":{"line":346,"column":8},"end":{"line":346,"column":55}},"163":{"start":{"line":349,"column":4},"end":{"line":351,"column":5}},"164":{"start":{"line":350,"column":8},"end":{"line":350,"column":50}},"165":{"start":{"line":353,"column":4},"end":{"line":355,"column":5}},"166":{"start":{"line":354,"column":8},"end":{"line":354,"column":51}},"167":{"start":{"line":357,"column":4},"end":{"line":359,"column":5}},"168":{"start":{"line":358,"column":8},"end":{"line":358,"column":47}},"169":{"start":{"line":361,"column":4},"end":{"line":363,"column":5}},"170":{"start":{"line":362,"column":8},"end":{"line":362,"column":53}},"171":{"start":{"line":367,"column":4},"end":{"line":367,"column":16}}},"branchMap":{"1":{"line":16,"type":"binary-expr","locations":[{"start":{"line":16,"column":14},"end":{"line":16,"column":22}},{"start":{"line":16,"column":26},"end":{"line":16,"column":28}}]},"2":{"line":42,"type":"binary-expr","locations":[{"start":{"line":42,"column":15},"end":{"line":42,"column":23}},{"start":{"line":42,"column":27},"end":{"line":42,"column":29}}]},"3":{"line":45,"type":"if","locations":[{"start":{"line":45,"column":4},"end":{"line":45,"column":4}},{"start":{"line":45,"column":4},"end":{"line":45,"column":4}}]},"4":{"line":52,"type":"if","locations":[{"start":{"line":52,"column":8},"end":{"line":52,"column":8}},{"start":{"line":52,"column":8},"end":{"line":52,"column":8}}]},"5":{"line":58,"type":"binary-expr","locations":[{"start":{"line":58,"column":20},"end":{"line":58,"column":35}},{"start":{"line":58,"column":39},"end":{"line":58,"column":43}}]},"6":{"line":59,"type":"if","locations":[{"start":{"line":59,"column":8},"end":{"line":59,"column":8}},{"start":{"line":59,"column":8},"end":{"line":59,"column":8}}]},"7":{"line":76,"type":"cond-expr","locations":[{"start":{"line":76,"column":39},"end":{"line":76,"column":49}},{"start":{"line":76,"column":52},"end":{"line":76,"column":61}}]},"8":{"line":81,"type":"binary-expr","locations":[{"start":{"line":81,"column":11},"end":{"line":81,"column":15}},{"start":{"line":81,"column":19},"end":{"line":81,"column":21}}]},"9":{"line":83,"type":"if","locations":[{"start":{"line":83,"column":4},"end":{"line":83,"column":4}},{"start":{"line":83,"column":4},"end":{"line":83,"column":4}}]},"10":{"line":83,"type":"binary-expr","locations":[{"start":{"line":83,"column":8},"end":{"line":83,"column":32}},{"start":{"line":83,"column":37},"end":{"line":83,"column":80}}]},"11":{"line":95,"type":"if","locations":[{"start":{"line":95,"column":4},"end":{"line":95,"column":4}},{"start":{"line":95,"column":4},"end":{"line":95,"column":4}}]},"12":{"line":95,"type":"binary-expr","locations":[{"start":{"line":95,"column":8},"end":{"line":95,"column":13}},{"start":{"line":96,"column":8},"end":{"line":96,"column":32}},{"start":{"line":97,"column":9},"end":{"line":97,"column":22}},{"start":{"line":97,"column":26},"end":{"line":97,"column":38}}]},"13":{"line":102,"type":"if","locations":[{"start":{"line":102,"column":4},"end":{"line":102,"column":4}},{"start":{"line":102,"column":4},"end":{"line":102,"column":4}}]},"14":{"line":111,"type":"if","locations":[{"start":{"line":111,"column":4},"end":{"line":111,"column":4}},{"start":{"line":111,"column":4},"end":{"line":111,"column":4}}]},"15":{"line":112,"type":"if","locations":[{"start":{"line":112,"column":8},"end":{"line":112,"column":8}},{"start":{"line":112,"column":8},"end":{"line":112,"column":8}}]},"16":{"line":114,"type":"if","locations":[{"start":{"line":114,"column":16},"end":{"line":114,"column":16}},{"start":{"line":114,"column":16},"end":{"line":114,"column":16}}]},"17":{"line":120,"type":"if","locations":[{"start":{"line":120,"column":13},"end":{"line":120,"column":13}},{"start":{"line":120,"column":13},"end":{"line":120,"column":13}}]},"18":{"line":128,"type":"if","locations":[{"start":{"line":128,"column":4},"end":{"line":128,"column":4}},{"start":{"line":128,"column":4},"end":{"line":128,"column":4}}]},"19":{"line":141,"type":"if","locations":[{"start":{"line":141,"column":4},"end":{"line":141,"column":4}},{"start":{"line":141,"column":4},"end":{"line":141,"column":4}}]},"20":{"line":149,"type":"if","locations":[{"start":{"line":149,"column":4},"end":{"line":149,"column":4}},{"start":{"line":149,"column":4},"end":{"line":149,"column":4}}]},"21":{"line":150,"type":"if","locations":[{"start":{"line":150,"column":8},"end":{"line":150,"column":8}},{"start":{"line":150,"column":8},"end":{"line":150,"column":8}}]},"22":{"line":151,"type":"if","locations":[{"start":{"line":151,"column":12},"end":{"line":151,"column":12}},{"start":{"line":151,"column":12},"end":{"line":151,"column":12}}]},"23":{"line":155,"type":"cond-expr","locations":[{"start":{"line":155,"column":72},"end":{"line":155,"column":82}},{"start":{"line":155,"column":85},"end":{"line":155,"column":111}}]},"24":{"line":163,"type":"if","locations":[{"start":{"line":163,"column":4},"end":{"line":163,"column":4}},{"start":{"line":163,"column":4},"end":{"line":163,"column":4}}]},"25":{"line":163,"type":"binary-expr","locations":[{"start":{"line":163,"column":8},"end":{"line":163,"column":12}},{"start":{"line":163,"column":16},"end":{"line":163,"column":24}}]},"26":{"line":175,"type":"if","locations":[{"start":{"line":175,"column":4},"end":{"line":175,"column":4}},{"start":{"line":175,"column":4},"end":{"line":175,"column":4}}]},"27":{"line":175,"type":"binary-expr","locations":[{"start":{"line":175,"column":8},"end":{"line":175,"column":13}},{"start":{"line":176,"column":8},"end":{"line":176,"column":32}}]},"28":{"line":181,"type":"if","locations":[{"start":{"line":181,"column":4},"end":{"line":181,"column":4}},{"start":{"line":181,"column":4},"end":{"line":181,"column":4}}]},"29":{"line":185,"type":"cond-expr","locations":[{"start":{"line":185,"column":44},"end":{"line":185,"column":46}},{"start":{"line":185,"column":49},"end":{"line":185,"column":51}}]},"30":{"line":190,"type":"if","locations":[{"start":{"line":190,"column":8},"end":{"line":190,"column":8}},{"start":{"line":190,"column":8},"end":{"line":190,"column":8}}]},"31":{"line":190,"type":"binary-expr","locations":[{"start":{"line":190,"column":12},"end":{"line":190,"column":27}},{"start":{"line":190,"column":31},"end":{"line":190,"column":44}}]},"32":{"line":195,"type":"if","locations":[{"start":{"line":195,"column":8},"end":{"line":195,"column":8}},{"start":{"line":195,"column":8},"end":{"line":195,"column":8}}]},"33":{"line":208,"type":"binary-expr","locations":[{"start":{"line":208,"column":11},"end":{"line":208,"column":15}},{"start":{"line":208,"column":19},"end":{"line":208,"column":21}}]},"34":{"line":213,"type":"binary-expr","locations":[{"start":{"line":213,"column":17},"end":{"line":213,"column":21}},{"start":{"line":213,"column":25},"end":{"line":213,"column":28}}]},"35":{"line":219,"type":"if","locations":[{"start":{"line":219,"column":4},"end":{"line":219,"column":4}},{"start":{"line":219,"column":4},"end":{"line":219,"column":4}}]},"36":{"line":219,"type":"binary-expr","locations":[{"start":{"line":219,"column":8},"end":{"line":219,"column":21}},{"start":{"line":220,"column":8},"end":{"line":220,"column":26}},{"start":{"line":221,"column":8},"end":{"line":221,"column":32}}]},"37":{"line":227,"type":"if","locations":[{"start":{"line":227,"column":4},"end":{"line":227,"column":4}},{"start":{"line":227,"column":4},"end":{"line":227,"column":4}}]},"38":{"line":227,"type":"binary-expr","locations":[{"start":{"line":227,"column":8},"end":{"line":227,"column":29}},{"start":{"line":228,"column":8},"end":{"line":228,"column":28}},{"start":{"line":229,"column":8},"end":{"line":229,"column":30}}]},"39":{"line":240,"type":"if","locations":[{"start":{"line":240,"column":8},"end":{"line":240,"column":8}},{"start":{"line":240,"column":8},"end":{"line":240,"column":8}}]},"40":{"line":241,"type":"if","locations":[{"start":{"line":241,"column":12},"end":{"line":241,"column":12}},{"start":{"line":241,"column":12},"end":{"line":241,"column":12}}]},"41":{"line":244,"type":"if","locations":[{"start":{"line":244,"column":16},"end":{"line":244,"column":16}},{"start":{"line":244,"column":16},"end":{"line":244,"column":16}}]},"42":{"line":248,"type":"if","locations":[{"start":{"line":248,"column":16},"end":{"line":248,"column":16}},{"start":{"line":248,"column":16},"end":{"line":248,"column":16}}]},"43":{"line":252,"type":"if","locations":[{"start":{"line":252,"column":16},"end":{"line":252,"column":16}},{"start":{"line":252,"column":16},"end":{"line":252,"column":16}}]},"44":{"line":256,"type":"if","locations":[{"start":{"line":256,"column":17},"end":{"line":256,"column":17}},{"start":{"line":256,"column":17},"end":{"line":256,"column":17}}]},"45":{"line":258,"type":"if","locations":[{"start":{"line":258,"column":16},"end":{"line":258,"column":16}},{"start":{"line":258,"column":16},"end":{"line":258,"column":16}}]},"46":{"line":262,"type":"if","locations":[{"start":{"line":262,"column":16},"end":{"line":262,"column":16}},{"start":{"line":262,"column":16},"end":{"line":262,"column":16}}]},"47":{"line":269,"type":"if","locations":[{"start":{"line":269,"column":20},"end":{"line":269,"column":20}},{"start":{"line":269,"column":20},"end":{"line":269,"column":20}}]},"48":{"line":273,"type":"if","locations":[{"start":{"line":273,"column":20},"end":{"line":273,"column":20}},{"start":{"line":273,"column":20},"end":{"line":273,"column":20}}]},"49":{"line":277,"type":"if","locations":[{"start":{"line":277,"column":20},"end":{"line":277,"column":20}},{"start":{"line":277,"column":20},"end":{"line":277,"column":20}}]},"50":{"line":281,"type":"if","locations":[{"start":{"line":281,"column":20},"end":{"line":281,"column":20}},{"start":{"line":281,"column":20},"end":{"line":281,"column":20}}]},"51":{"line":281,"type":"binary-expr","locations":[{"start":{"line":281,"column":24},"end":{"line":281,"column":47}},{"start":{"line":281,"column":51},"end":{"line":281,"column":75}}]},"52":{"line":287,"type":"if","locations":[{"start":{"line":287,"column":20},"end":{"line":287,"column":20}},{"start":{"line":287,"column":20},"end":{"line":287,"column":20}}]},"53":{"line":292,"type":"if","locations":[{"start":{"line":292,"column":20},"end":{"line":292,"column":20}},{"start":{"line":292,"column":20},"end":{"line":292,"column":20}}]},"54":{"line":297,"type":"if","locations":[{"start":{"line":297,"column":17},"end":{"line":297,"column":17}},{"start":{"line":297,"column":17},"end":{"line":297,"column":17}}]},"55":{"line":300,"type":"if","locations":[{"start":{"line":300,"column":16},"end":{"line":300,"column":16}},{"start":{"line":300,"column":16},"end":{"line":300,"column":16}}]},"56":{"line":304,"type":"if","locations":[{"start":{"line":304,"column":17},"end":{"line":304,"column":17}},{"start":{"line":304,"column":17},"end":{"line":304,"column":17}}]},"57":{"line":307,"type":"if","locations":[{"start":{"line":307,"column":17},"end":{"line":307,"column":17}},{"start":{"line":307,"column":17},"end":{"line":307,"column":17}}]},"58":{"line":310,"type":"if","locations":[{"start":{"line":310,"column":17},"end":{"line":310,"column":17}},{"start":{"line":310,"column":17},"end":{"line":310,"column":17}}]},"59":{"line":311,"type":"if","locations":[{"start":{"line":311,"column":16},"end":{"line":311,"column":16}},{"start":{"line":311,"column":16},"end":{"line":311,"column":16}}]},"60":{"line":311,"type":"binary-expr","locations":[{"start":{"line":311,"column":20},"end":{"line":311,"column":29}},{"start":{"line":312,"column":20},"end":{"line":312,"column":48}}]},"61":{"line":319,"type":"if","locations":[{"start":{"line":319,"column":17},"end":{"line":319,"column":17}},{"start":{"line":319,"column":17},"end":{"line":319,"column":17}}]},"62":{"line":322,"type":"if","locations":[{"start":{"line":322,"column":16},"end":{"line":322,"column":16}},{"start":{"line":322,"column":16},"end":{"line":322,"column":16}}]},"63":{"line":334,"type":"if","locations":[{"start":{"line":334,"column":12},"end":{"line":334,"column":12}},{"start":{"line":334,"column":12},"end":{"line":334,"column":12}}]},"64":{"line":341,"type":"if","locations":[{"start":{"line":341,"column":4},"end":{"line":341,"column":4}},{"start":{"line":341,"column":4},"end":{"line":341,"column":4}}]},"65":{"line":341,"type":"binary-expr","locations":[{"start":{"line":341,"column":8},"end":{"line":341,"column":19}},{"start":{"line":341,"column":24},"end":{"line":341,"column":33}},{"start":{"line":341,"column":37},"end":{"line":341,"column":48}},{"start":{"line":341,"column":52},"end":{"line":341,"column":65}},{"start":{"line":341,"column":69},"end":{"line":341,"column":81}}]},"66":{"line":345,"type":"if","locations":[{"start":{"line":345,"column":4},"end":{"line":345,"column":4}},{"start":{"line":345,"column":4},"end":{"line":345,"column":4}}]},"67":{"line":345,"type":"binary-expr","locations":[{"start":{"line":345,"column":8},"end":{"line":345,"column":21}},{"start":{"line":345,"column":25},"end":{"line":345,"column":38}}]},"68":{"line":349,"type":"if","locations":[{"start":{"line":349,"column":4},"end":{"line":349,"column":4}},{"start":{"line":349,"column":4},"end":{"line":349,"column":4}}]},"69":{"line":349,"type":"binary-expr","locations":[{"start":{"line":349,"column":8},"end":{"line":349,"column":20}},{"start":{"line":349,"column":24},"end":{"line":349,"column":38}},{"start":{"line":349,"column":42},"end":{"line":349,"column":52}},{"start":{"line":349,"column":56},"end":{"line":349,"column":68}}]},"70":{"line":353,"type":"if","locations":[{"start":{"line":353,"column":4},"end":{"line":353,"column":4}},{"start":{"line":353,"column":4},"end":{"line":353,"column":4}}]},"71":{"line":353,"type":"binary-expr","locations":[{"start":{"line":353,"column":8},"end":{"line":353,"column":20}},{"start":{"line":353,"column":24},"end":{"line":353,"column":37}},{"start":{"line":353,"column":41},"end":{"line":353,"column":51}},{"start":{"line":353,"column":55},"end":{"line":353,"column":67}}]},"72":{"line":357,"type":"if","locations":[{"start":{"line":357,"column":4},"end":{"line":357,"column":4}},{"start":{"line":357,"column":4},"end":{"line":357,"column":4}}]},"73":{"line":35
[...]
];","    if (key !== '/') {","        const invalid = key.replace(/\\/(\\w+)/g, ($0, $1) => {","","            path.push($1);","            return '';","        });","","        if (invalid) {","            return undefined;","        }","    }","","    let node = internals.filter(self._tree, criteria, applied);","    for (let i = 0; i < path.length && node; ++i) {","        if (typeof node !== 'object') {","            node = undefined;","            break;","        }","","        node = internals.filter(node[path[i]], criteria, applied);","    }","","    return node;","};","","","// Get a meta for node","","internals.Store.prototype.meta = function (key, criteria) {","","    const node = this._get(key, criteria);","    return (typeof node === 'object' ? node.$meta : undefined);","};","","internals.defaults = function (node, base) {","","    base = base || {};","","    if (typeof node === 'object' && (Array.isArray(base) === Array.isArray(node))) {","        return Hoek.merge(Hoek.clone(base), Hoek.clone(node));","    }","","    return node;","};","","","// Return node or value if no filter, otherwise apply filters until node or value","","internals.filter = function (node, criteria, applied) {","","    if (!node ||","        typeof node !== 'object' ||","        (!node.$filter && !node.$value)) {","","        return node;","    }","","    if (node.$value) {","        return internals.defaults(internals.filter(node.$value, criteria, applied), node.$base);","    }","","    // Filter","","    const filter = node.$filter;","    const criterion = Hoek.reach(criteria, filter);","","    if (criterion !== undefined) {","        if (node.$range) {","            for (let i = 0; i < node.$range.length; ++i) {","                if (criterion <= node.$range[i].limit) {","                    exports._logApplied(applied, filter, node, node.$range[i]);","                    return internals.filter(node.$range[i].value, criteria, applied);","                }","            }","        }","        else if (node[criterion] !== undefined) {","            exports._logApplied(applied, filter, node, criterion);","            return internals.defaults(internals.filter(node[criterion], criteria, applied), node.$base);","        }","","        // Falls-through for $default","    }","","    if (Object.prototype.hasOwnProperty.call(node, '$default')) {","        exports._logApplied(applied, filter, node, '$default');","        return internals.defaults(internals.filter(node.$default, criteria, applied), node.$base);","    }","","    exports._logApplied(applied, filter, node);","    return undefined;","};","","","// Exported to make testing easier","exports._logApplied = function (applied, filter, node, criterion) {","","    if (!applied) {","        return;","    }","","    const record = {","        filter: filter","    };","","    if (criterion) {","        if (typeof criterion === 'object') {","            if (criterion.id) {","                record.valueId = criterion.id;","            }","            else {","                record.valueId = (typeof criterion.value === 'object' ? '[object]' : criterion.value.toString());","            }","        }","        else {","            record.valueId = criterion.toString();","        }","    }","","    if (node && node.$id) {","        record.filterId = node.$id;","    }","","    applied.push(record);","};","","","// Applies criteria on an entire tree","","internals.walk = function (node, criteria, applied) {","","    if (!node ||","        typeof node !== 'object') {","","        return node;","    }","","    if (Object.prototype.hasOwnProperty.call(node, '$value')) {","        return internals.walk(node.$value, criteria, applied);","    }","","    const parent = (node instanceof Array ? [] : {});","","    const keys = Object.keys(node);","    for (let i = 0; i < keys.length; ++i) {","        const key = keys[i];","        if (key === '$meta' || key === '$id') {","            continue;","        }","        const child = internals.filter(node[key], criteria, applied);","        const value = internals.walk(child, criteria, applied);","        if (value !== undefined) {","            parent[key] = value;","        }","    }","","    return parent;","};","","","// Validate tree structure","","internals.Store.validate = function (node, path) {","","    path = path || '';","","    const error = function (reason) {","","        const e = Boom.badRequest(reason);","        e.path = path || '/';","        return e;","    };","","    // Valid value","","    if (node === null ||","        node === undefined ||","        typeof node !== 'object') {","        return null;","    }","","    // Invalid object","","    if (node instanceof Error ||","        node instanceof Date ||","        node instanceof RegExp) {","","        return error('Invalid node object type');","    }","","    // Invalid keys","","    const found = {};","    const keys = Object.keys(node);","    for (let i = 0; i < keys.length; ++i) {","        const key = keys[i];","        if (key[0] === '$') {","            if (key === '$filter') {","                found.filter = true;","                const filter = node[key];","                if (!filter) {","                    return error('Invalid empty filter value');","                }","","                if (typeof filter !== 'string') {","                    return error('Filter value must be a string');","                }","","                if (!filter.match(/^\\w+(?:\\.\\w+)*$/)) {","                    return error('Invalid filter value ' + node[key]);","                }","            }","            else if (key === '$range') {","                found.range = true;","                if (node.$range instanceof Array === false) {","                    return error('Range value must be an array');","                }","","                if (!node.$range.length) {","                    return error('Range must include at least one value');","                }","","                let lastLimit = undefined;","                for (let j = 0; j < node.$range.length; ++j) {","                    const range = node.$range[j];","                    if (typeof range !== 'object') {","                        return error('Invalid range entry type');","                    }","","                    if (!Object.prototype.hasOwnProperty.call(range, 'limit')) {","                        return error('Range entry missing limit');","                    }","","                    if (typeof range.limit !== 'number') {","                        return error('Range limit must be a number');","                    }","","                    if (lastLimit !== undefined && range.limit <= lastLimit) {","                        return error('Range entries not sorted in ascending order - ' + range.limit + ' cannot come after ' + lastLimit);","                    }","","                    lastLimit = range.limit;","","                    if (!Object.prototype.hasOwnProperty.call(range, 'value')) {","                        return error('Range entry missing value');","                    }","","                    const err = internals.Store.validate(range.value, path + '/$range[' + range.limit + ']');","                    if (err) {","                        return err;","                    }","                }","            }","            else if (key === '$default') {","                found.default = true;","                const err2 = internals.Store.validate(node.$default, path + '/$default');","                if (err2) {","                    return err2;","                }","            }","            else if (key === '$base') {","                found.base = true;","            }","            else if (key === '$meta') {","                found.meta = true;","            }","            else if (key === '$id') {","                if (!node.$id ||","                    typeof node.$id !== 'string') {","","                    return error('Id value must be a non-empty string');","                }","","                found.id = true;","            }","            else if (key === '$value') {","                found.value = true;","                const err3 = internals.Store.validate(node.$value, path + '/$value');","                if (err3) {","                    return err3;","                }","            }","            else {","                return error('Unknown $ directive ' + key);","            }","        }","        else {","            found.key = true;","            const value = node[key];","            const err4 = internals.Store.validate(value, path + '/' + key);","            if (err4) {","                return err4;","            }","        }","    }","","    // Invalid directive combination","    if (found.value && (found.key || found.range || found.default || found.filter)) {","        return error('Value directive can only be used with meta or nothing');","    }","","    if (found.default && !found.filter) {","        return error('Default value without a filter');","    }","","    if (found.filter && !found.default && !found.key && !found.range) {","        return error('Filter without any values');","    }","","    if (found.filter && found.default && !found.key && !found.range) {","        return error('Filter with only a default');","    }","","    if (found.range && !found.filter) {","        return error('Range without a filter');","    }","","    if (found.range && found.key) {","        return error('Range with non-ranged values');","    }","","    // Valid node","","    return null;","};",""],"l":{"5":1,"6":1,"12":1,"14":1,"16":0,"20":1,"22":0,"23":0,"25":0,"31":1,"33":0,"34":0,"38":1,"40":0,"42":0,"44":0,"45":0,"46":0,"48":0,"49":0,"52":0,"53":0,"57":0,"58":0,"59":0,"60":0,"61":0,"64":0,"67":0,"73":1,"75":0,"76":0,"79":1,"81":0,"83":0,"84":0,"87":0,"93":1,"95":0,"99":0,"102":0,"103":0,"108":0,"109":0,"111":0,"112":0,"113":0,"114":0,"115":0,"116":0,"120":0,"121":0,"122":0,"128":0,"129":0,"130":0,"133":0,"134":0,"139":1,"141":0,"142":0,"145":0,"149":0,"150":0,"151":0,"152":0,"155":0,"159":0,"163":0,"164":0,"167":0,"173":1,"175":0,"178":0,"181":0,"182":0,"185":0,"187":0,"188":0,"189":0,"190":0,"191":0,"193":0,"194":0,"195":0,"196":0,"200":0,"206":1,"208":0,"210":0,"212":0,"213":0,"214":0,"219":0,"222":0,"227":0,"231":0,"236":0,"237":0,"238":0,"239":0,"240":0,"241":0,"242":0,"243":0,"244":0,"245":0,"248":0,"249":0,"252":0,"253":0,"256":0,"257":0,"258":0,"259":0,"262":0,"263":0,"266":0,"267":0,"268":0,"269":0,"270":0,"273":0,"274":0,"277":0,"278":0,"281":0,"282":0,"285":0,"287":0,"288":0,"291":0,"292":0,"293":0,"297":0,"298":0,"299":0,"300":0,"301":0,"304":0,"305":0,"307":0,"308":0,"310":0,"311":0,"314":0,"317":0,"319":0,"320":0,"321":0,"322":0,"323":0,"327":0,"331":0,"332":0,"333":0,"334":0,"335":0,"341":0,"342":0,"345":0,"346":0,"349":0,"350":0,"353":0,"354":0,"357":0,"358":0,"361":0,"362":0,"367":0}},"/home/travis/build/npmtest/node-npmtest-confidence/node_modules/confidence/lib/id.js":{"path":"/home/travis/build/npmtest/node-npmtest-confidence/node_modules/confidence/lib/id.js","s":{"1":1,"2":1,"3":1,"4":1,"5":1,"6":256,"7":256,"8":1,"9":1,"10":0,"11":0,"12":0,"13":0,"14":0,"15":0,"16":0,"17":0,"18":0,"19":0,"20":0,"21":0,"22":0,"23":0,"24":0,"25":0,"26":0,"27":1,"28":0,"29":0,"30":0,"31":0,"32":0,"33":0,"34":0,"35":0,"36":0,"37":0,"38":0,"39":0,"40":0,"41":0,"42":0,"43":0,"44":0,"45":0,"46":0},"b":{"1":[16,240],"2":[0,0],"3":[0,0],"4":[0,0],"5":[0,0],"6":[0,0]},"f":{"1":1,"2":0,"3":0,"4":0,"5":0},"fnMap":{"1":{"name":"(anonymous_1)","line":17,"loc":{"start":{"line":17,"column":23},"end":{"line":17,"column":35}}},"2":{"name":"(anonymous_2)","line":28,"loc":{"start":{"line":28,"column":19},"end":{"line":28,"column":31}}},"3":{"name":"(anonymous_3)","line":41,"loc":{"start":{"line":41,"column":32},"end":{"line":41,"column":44}}},"4":{"name":"(anonymous_4)","line":65,"loc":{"start":{"line":65,"column":19},"end":{"line":65,"column":33}}},"5":{"name":"(anonymous_5)","line":71,"loc":{"start":{"line":71,"column":18},"end":{"line":71,"column":38}}}},"statementMap":{"1":{"start":{"line":4,"column":0},"end":{"line":4,"column":33}},"2":{"start":{"line":9,"column":0},"end":{"line":9,"column":21}},"3":{"start":{"line":14,"column":0},"end":{"line":14,"column":25}},"4":{"start":{"line":17,"column":0},"end":{"line":23,"column":2}},"5":{"start":{"line":19,"column":4},"end":{"line":22,"column":5}},"6":{"start":{"line":20,"column":8},"end":{"line":20,"column":57}},"7":{"start":{"line":21,"column":8},"end":{"line":21,"column":37}},"8":{"start":{"line":25,"column":0},"end":{"line":25,"column":23}},"9":{"start":{"line":28,"column":0},"end":{"line":62,"column":2}},"10":{"start":{"line":30,"column":4},"end":{"line":30,"column":38}},"11":{"start":{"line":32,"column":4},"end":{"line":32,"column":38}},"12":{"start":{"line":33,"column":4},"end":{"line":33,"column":38}},"13":{"start":{"line":35,"column":4},"end":{"line":35,"column":34}},"14":{"start":{"line":36,"column":4},"end":{"line":39,"column":42}},"15":{"start":{"line":41,"column":4},"end":{"line":56,"column":6}},"16":{"start":{"line":43,"column":8},"end":{"line":43,"column":23}},"17":{"start":{"line":45,"column":8},"end":{"line":53,"column":9}},"18":{"start":{"line":46,"column":12},"end":{"line":46,"column":41}},"19":{"start":{"line":47,"column":12},"end":{"line":47,"column":69}},"20":{"start":{"line":48,"column":12},"end":{"line":50,"column":13}},"21":{"start":{"line":49,"column":16},"end":{"line":49,"column":25}},"22":{"start":{"line":52,"column":12},"end":{"line":52,"column":111}},"23":{"start":{"line":55,"column":8},"end":{"line":55,"column":21}},"24":{"start":{"line":58,"column":4},"end":{"line":58,"column":32}},"25":{"start":{"line":59,"column":4},"end":{"line":59,"column":32}},"26":{"start":{"line":61,"column":4},"end":{"line":61,"column":14}},"27":{"start":{"line":65,"column":0},"end":{"line":122,"column":2}},"28":{"start":{"line":67,"column":4},"end":{"line":69,"column":5}},"29":{"start":{"line":68,"column":8},"end":{"line":68,"column":20}},"30":{"start":{"line":71,"column":4},"end":{"line":90,"column":6}},"31":{"start":{"line":73,"column":8},"end":{"line":73,"column":39}},"32":{"start":{"line":74,"column":8},"end":{"line":74,"column":40}},"33":{"start":{"line":76,"column":8},"end":{"line":78,"column":9}},"34":{"start":{"line":77,"column":12},"end":{"line":77,"column":24}},"35":{"start":{"line":80,"column":8},"end":{"line":80,"column":47}},"36":{"start":{"line":81,"column":8},"end":{"line":83,"column":9}},"37":{"start":{"line":82,"column":12},"end":{"line":82,"column":42}},"38":{"start":{"line":85,"column":8},"end":{"line":87,"column":9}},"39":{"start":{"line":86,"column":12},"end":{"line":86,"column":27}},"40":{"start":{"line":89,"column":8},"end":{"line":89,"column":19}},"41":{"start":{"line":92,"column":4},"end":{"line":92,"column":31}},"42":{"start":{"line":93,"column":4},"end":{"line":93,"column":27}},"43":{"start":{"line":95,"column":4},"end":{"line":99,"column":5}},"44":{"start":{"line":98,"column":8},"end":{"line":98,"column":20}},"45":{"start":{"line":101,"column":4},"end":{"line":119,"column":6}},"46":{"start":{"line":121,"column":4},"end":{"line":121,"column":20}}},"branchMap":{"1":{"line":20,"type":"cond-expr","locations":[{"start":{"line":20,"column":30},"end":{"line":20,"column":33}},{"start":{"line":20,"column":36},"end":{"line":20,"column":38}}]},"2":{"line":48,"type":"if","locations":[{"start":{"line":48,"column":12},"end":{"line":48,"column":12}},{"start":{"line":48,"column":12},"end":{"line":48,"column":12}}]},"3":{"line":67,"type":"if","locations":[{"start":{"line":67,"column":4},"end":{"line":67,"column":4}},{"start":{"line":67,"column":4},"end":{"line":67,"column":4}}]},"4":{"line":76,"type":"if","locations":[{"start":{"line":76,"column":8},"end":{"line":76,"column":8}},{"start":{"line":76,"column":8},"end":{"line":76,"column":8}}]},"5":{"line":95,"type":"if","locations":[{"start":{"line":95,"column":4},"end":{"line":95,"column":4}},{"start":{"line":95,"column":4},"end":{"line":95,"column":4}}]},"6":{"line":95,"type":"binary-expr","locations":[{"start":{"line":95,"column":8},"end":{"line":95,"column":21}},{"start":{"line":96,"column":8},"end":{"line":96,"column":21}}]}},"code":["'use strict';","// Load modules","","const Crypto = require('crypto');","","","// Declare internals","","const internals = {};","","","// Portions based on node-uuid - https://github.com/broofa/node-uuid - Copyright (c) 2010-2012 Robert Kieffer - MIT License","","internals.byteToHex = [];","","","internals.buildCache = function () {","","    for (let i = 0; i < 256; ++i) {","        const hex = (i < 16 ? '0' : '') + i.toString(16);","        internals.byteToHex[i] = hex;","    }","};","","internals.buildCache();","","","exports.generate = function () {","","    let rand = Crypto.randomBytes(10);","","    rand[6] = (rand[6] & 0x0f) | 0x40;        // Per RFC 4122 (4.4) - set bits for version and `clock_seq_hi_and_reserved`","    rand[8] = (rand[8] & 0x3f) | 0x80;","","    const b = internals.byteToHex;","    let id = b[rand[0]] + b[rand[1]] + b[rand[2]] + b[rand[3]] + '-' +","            b[rand[4]] + b[rand[5]] + '-' +","            b[rand[6]] + b[rand[7]] + '-' +","            b[rand[8]] + b[rand[9]] + '-';","","    const distributedRandom3B = function () {","","        let bytes = '';","","        while (!bytes) {                            // This can theoretically loop forever if the machine random device generates garbage","            rand = Crypto.randomBytes(3);","            const value = (rand[0] << 16) | (rand[1] << 8) | rand[2];","            if (value >= 10000000) {","                continue;","            }","","            bytes = internals.byteToHex[rand[0]] + internals.byteToHex[rand[1]] + internals.byteToHex[rand[2]];","        }","","        return bytes;","    };","","    id += distributedRandom3B();","    id += distributedRandom3B();","","    return id;","};","","","exports.criteria = function (id) {","","    if (!id.match(/^[0-9a-fA-F]{8}\\-[0-9a-fA-F]{4}\\-[0-9a-fA-F]{4}\\-[0-9a-fA-F]{4}\\-[0-9a-fA-F]{12}$/)) {","        return null;","    }","","    const parse = function (from, to) {","","        const hex = id.slice(from, to);","        const value = parseInt(hex, 16);","","        if (value >= 10000000) {","            return null;","        }","","        const set = value.toString().split('');","        for (let i = 0; i < set.length; ++i) {","            set[i] = parseInt(set[i], 10);","        }","","        for (let i = 0; i < 7 - set.length; ++i) {","            set.unshift(0);","        }","","        return set;","    };","","    const set1 = parse(24, 30);","    const set2 = parse(30);","","    if (set1 === null ||","        set2 === null) {","","        return null;","    }","","    const criteria = {","        $id: id,","        random: {","            a: (set1[0] * 10) + set1[1] + 1,","            b: (set1[1] * 10) + set1[2] + 1,","            c: (set1[2] * 10) + set1[3] + 1,","            d: (set1[3] * 10) + set1[4] + 1,","            e: (set1[4] * 10) + set1[5] + 1,","            f: (set1[5] * 10) + set1[6] + 1,","            g: (set1[6] * 10) + set2[0] + 1,","            h: (set2[0] * 10) + set2[1] + 1,","            i: (set2[1] * 10) + set2[2] + 1,","            j: (set2[2] * 10) + set2[3] + 1,","            k: (set2[3] * 10) + set2[4] + 1,","            l: (set2[4] * 10) + set2[5] + 1,","            m: (set2[5] * 10) + set2[6] + 1,","            n: (set2[6] * 10) + set1[0] + 1","        }","    };","","    return criteria;","};","","",""],"l":{"4":1,"9":1,"14":1,"17":1,"19":1,"20":256,"21":256,"25":1,"28":1,"30":0,"32":0,"33":0,"35":0,"36":0,"41":0,"43":0,"45":0,"46":0,"47":0,"48":0,"49":0,"52":0,"55":0,"58":0,"59":0,"61":0,"65":1,"67":0,"68":0,"71":0,"73":0,"74":0,"76":0,"77":0,"80":0,"81":0,"82":0,"85":0,"86":0,"89":0,"92":0,"93":0,"95":0,"98":0,"101":0,"121":0}}}